swanlab: swanlab version 0.8.4 is available!  Upgrade: `pip install -U swanlab`
swanlab: Tracking run with swanlab version 0.7.11
swanlab: Run data will be saved locally in /home/harry/projects/MiniMind/trainer/swanlog/run-20260707_204054-hoxqx88gvxpd1ea7ggbg6
swanlab: 👋 Hi harrypotter9527,welcome to swanlab!
swanlab: Syncing run MiniMind-Pretrain-Epoch-1-BatchSize-2-LearningRate-0.0005 to the cloud
swanlab: 🏠 View project at https://swanlab.cn/@harrypotter9527/MiniMind-Pretrain
swanlab: 🚀 View run at https://swanlab.cn/@harrypotter9527/MiniMind-Pretrain/runs/hoxqx88gvxpd1ea7ggbg6
Model Params: 63.91M
Trainable Params: 63.912M
Generating train split: 0 examples [00:00, ? examples/s]Generating train split: 99700 examples [00:00, 865280.94 examples/s]Generating train split: 278508 examples [00:00, 1227393.37 examples/s]Generating train split: 434115 examples [00:00, 1296115.64 examples/s]Generating train split: 574669 examples [00:00, 921792.42 examples/s] Generating train split: 677791 examples [00:00, 894805.02 examples/s]Generating train split: 783962 examples [00:00, 729684.02 examples/s]Generating train split: 894216 examples [00:01, 618842.57 examples/s]Generating train split: 967103 examples [00:01, 616048.80 examples/s]Generating train split: 1033685 examples [00:01, 611789.65 examples/s]Generating train split: 1100155 examples [00:01, 368028.00 examples/s]Generating train split: 1183715 examples [00:01, 416327.70 examples/s]Generating train split: 1249251 examples [00:02, 431832.93 examples/s]Generating train split: 1270238 examples [00:02, 606524.47 examples/s]
Epoch:[1/1](20/635119), loss: 8.6898, logits_loss: 8.6898, aux_loss: 0.0000, lr: 0.00050000, epoch_time: 1401.0min
Epoch:[1/1](40/635119), loss: 8.1845, logits_loss: 8.1845, aux_loss: 0.0000, lr: 0.00050000, epoch_time: 849.0min
Epoch:[1/1](60/635119), loss: 7.7370, logits_loss: 7.7370, aux_loss: 0.0000, lr: 0.00050000, epoch_time: 664.0min
Epoch:[1/1](80/635119), loss: 7.5131, logits_loss: 7.5131, aux_loss: 0.0000, lr: 0.00050000, epoch_time: 572.0min
Epoch:[1/1](100/635119), loss: 7.2675, logits_loss: 7.2675, aux_loss: 0.0000, lr: 0.00050000, epoch_time: 536.0min
Epoch:[1/1](120/635119), loss: 8.4641, logits_loss: 8.4641, aux_loss: 0.0000, lr: 0.00050000, epoch_time: 509.0min
Epoch:[1/1](140/635119), loss: 7.5617, logits_loss: 7.5617, aux_loss: 0.0000, lr: 0.00050000, epoch_time: 491.0min
Epoch:[1/1](160/635119), loss: 7.6075, logits_loss: 7.6075, aux_loss: 0.0000, lr: 0.00050000, epoch_time: 476.0min
Epoch:[1/1](180/635119), loss: 7.2573, logits_loss: 7.2573, aux_loss: 0.0000, lr: 0.00050000, epoch_time: 456.0min
Epoch:[1/1](200/635119), loss: 7.3024, logits_loss: 7.3024, aux_loss: 0.0000, lr: 0.00050000, epoch_time: 442.0min
Epoch:[1/1](220/635119), loss: 7.2773, logits_loss: 7.2773, aux_loss: 0.0000, lr: 0.00050000, epoch_time: 526.0min
Epoch:[1/1](240/635119), loss: 7.4433, logits_loss: 7.4433, aux_loss: 0.0000, lr: 0.00050000, epoch_time: 511.0min
Epoch:[1/1](260/635119), loss: 7.3166, logits_loss: 7.3166, aux_loss: 0.0000, lr: 0.00050000, epoch_time: 497.0min
Epoch:[1/1](280/635119), loss: 7.0675, logits_loss: 7.0675, aux_loss: 0.0000, lr: 0.00050000, epoch_time: 486.0min
Epoch:[1/1](300/635119), loss: 7.0597, logits_loss: 7.0597, aux_loss: 0.0000, lr: 0.00050000, epoch_time: 474.0min
Epoch:[1/1](320/635119), loss: 6.8480, logits_loss: 6.8480, aux_loss: 0.0000, lr: 0.00050000, epoch_time: 462.0min
Epoch:[1/1](340/635119), loss: 7.3087, logits_loss: 7.3087, aux_loss: 0.0000, lr: 0.00050000, epoch_time: 454.0min
Epoch:[1/1](360/635119), loss: 6.8359, logits_loss: 6.8359, aux_loss: 0.0000, lr: 0.00050000, epoch_time: 444.0min
Epoch:[1/1](380/635119), loss: 6.8992, logits_loss: 6.8992, aux_loss: 0.0000, lr: 0.00050000, epoch_time: 438.0min
Epoch:[1/1](400/635119), loss: 7.3963, logits_loss: 7.3963, aux_loss: 0.0000, lr: 0.00050000, epoch_time: 432.0min
Epoch:[1/1](420/635119), loss: 6.9910, logits_loss: 6.9910, aux_loss: 0.0000, lr: 0.00050000, epoch_time: 445.0min
Epoch:[1/1](440/635119), loss: 7.2137, logits_loss: 7.2137, aux_loss: 0.0000, lr: 0.00050000, epoch_time: 441.0min
Epoch:[1/1](460/635119), loss: 7.0029, logits_loss: 7.0029, aux_loss: 0.0000, lr: 0.00050000, epoch_time: 438.0min
Epoch:[1/1](480/635119), loss: 6.5069, logits_loss: 6.5069, aux_loss: 0.0000, lr: 0.00050000, epoch_time: 436.0min
Epoch:[1/1](500/635119), loss: 6.8353, logits_loss: 6.8353, aux_loss: 0.0000, lr: 0.00050000, epoch_time: 434.0min
Epoch:[1/1](520/635119), loss: 7.2350, logits_loss: 7.2350, aux_loss: 0.0000, lr: 0.00050000, epoch_time: 430.0min
Epoch:[1/1](540/635119), loss: 7.5393, logits_loss: 7.5393, aux_loss: 0.0000, lr: 0.00050000, epoch_time: 432.0min
Epoch:[1/1](560/635119), loss: 6.7421, logits_loss: 6.7421, aux_loss: 0.0000, lr: 0.00050000, epoch_time: 428.0min
Epoch:[1/1](580/635119), loss: 6.9821, logits_loss: 6.9821, aux_loss: 0.0000, lr: 0.00050000, epoch_time: 425.0min
Epoch:[1/1](600/635119), loss: 6.8980, logits_loss: 6.8980, aux_loss: 0.0000, lr: 0.00050000, epoch_time: 422.0min
Epoch:[1/1](620/635119), loss: 6.7980, logits_loss: 6.7980, aux_loss: 0.0000, lr: 0.00050000, epoch_time: 467.0min
Epoch:[1/1](640/635119), loss: 7.4342, logits_loss: 7.4342, aux_loss: 0.0000, lr: 0.00050000, epoch_time: 462.0min
Epoch:[1/1](660/635119), loss: 6.7105, logits_loss: 6.7105, aux_loss: 0.0000, lr: 0.00050000, epoch_time: 458.0min
Epoch:[1/1](680/635119), loss: 6.9124, logits_loss: 6.9124, aux_loss: 0.0000, lr: 0.00050000, epoch_time: 454.0min
Epoch:[1/1](700/635119), loss: 7.3167, logits_loss: 7.3167, aux_loss: 0.0000, lr: 0.00050000, epoch_time: 452.0min
Epoch:[1/1](720/635119), loss: 6.7790, logits_loss: 6.7790, aux_loss: 0.0000, lr: 0.00050000, epoch_time: 448.0min
Epoch:[1/1](740/635119), loss: 6.7859, logits_loss: 6.7859, aux_loss: 0.0000, lr: 0.00050000, epoch_time: 444.0min
Epoch:[1/1](760/635119), loss: 6.5578, logits_loss: 6.5578, aux_loss: 0.0000, lr: 0.00050000, epoch_time: 441.0min
Epoch:[1/1](780/635119), loss: 6.7030, logits_loss: 6.7030, aux_loss: 0.0000, lr: 0.00050000, epoch_time: 438.0min
Epoch:[1/1](800/635119), loss: 7.1383, logits_loss: 7.1383, aux_loss: 0.0000, lr: 0.00050000, epoch_time: 435.0min
Epoch:[1/1](820/635119), loss: 6.8550, logits_loss: 6.8550, aux_loss: 0.0000, lr: 0.00050000, epoch_time: 465.0min
Epoch:[1/1](840/635119), loss: 6.5319, logits_loss: 6.5319, aux_loss: 0.0000, lr: 0.00050000, epoch_time: 462.0min
Epoch:[1/1](860/635119), loss: 6.6443, logits_loss: 6.6443, aux_loss: 0.0000, lr: 0.00050000, epoch_time: 459.0min
Epoch:[1/1](880/635119), loss: 6.5991, logits_loss: 6.5991, aux_loss: 0.0000, lr: 0.00050000, epoch_time: 455.0min
Epoch:[1/1](900/635119), loss: 6.7997, logits_loss: 6.7997, aux_loss: 0.0000, lr: 0.00050000, epoch_time: 452.0min
Epoch:[1/1](920/635119), loss: 6.3853, logits_loss: 6.3853, aux_loss: 0.0000, lr: 0.00050000, epoch_time: 449.0min
Epoch:[1/1](940/635119), loss: 7.0442, logits_loss: 7.0442, aux_loss: 0.0000, lr: 0.00050000, epoch_time: 446.0min
Epoch:[1/1](960/635119), loss: 6.7244, logits_loss: 6.7244, aux_loss: 0.0000, lr: 0.00050000, epoch_time: 443.0min
Epoch:[1/1](980/635119), loss: 6.5567, logits_loss: 6.5567, aux_loss: 0.0000, lr: 0.00050000, epoch_time: 440.0min
Epoch:[1/1](1000/635119), loss: 6.6414, logits_loss: 6.6414, aux_loss: 0.0000, lr: 0.00050000, epoch_time: 439.0min
Epoch:[1/1](1020/635119), loss: 6.8781, logits_loss: 6.8781, aux_loss: 0.0000, lr: 0.00050000, epoch_time: 449.0min
Epoch:[1/1](1040/635119), loss: 6.6229, logits_loss: 6.6229, aux_loss: 0.0000, lr: 0.00050000, epoch_time: 446.0min
Epoch:[1/1](1060/635119), loss: 6.5258, logits_loss: 6.5258, aux_loss: 0.0000, lr: 0.00050000, epoch_time: 445.0min
Epoch:[1/1](1080/635119), loss: 7.0089, logits_loss: 7.0089, aux_loss: 0.0000, lr: 0.00050000, epoch_time: 443.0min
Epoch:[1/1](1100/635119), loss: 7.0205, logits_loss: 7.0205, aux_loss: 0.0000, lr: 0.00050000, epoch_time: 441.0min
Epoch:[1/1](1120/635119), loss: 6.2416, logits_loss: 6.2416, aux_loss: 0.0000, lr: 0.00050000, epoch_time: 439.0min
Epoch:[1/1](1140/635119), loss: 6.7167, logits_loss: 6.7167, aux_loss: 0.0000, lr: 0.00050000, epoch_time: 437.0min
Epoch:[1/1](1160/635119), loss: 6.2932, logits_loss: 6.2932, aux_loss: 0.0000, lr: 0.00050000, epoch_time: 436.0min
Epoch:[1/1](1180/635119), loss: 6.2451, logits_loss: 6.2451, aux_loss: 0.0000, lr: 0.00050000, epoch_time: 435.0min
Epoch:[1/1](1200/635119), loss: 6.3748, logits_loss: 6.3748, aux_loss: 0.0000, lr: 0.00050000, epoch_time: 433.0min
Epoch:[1/1](1220/635119), loss: 6.5511, logits_loss: 6.5511, aux_loss: 0.0000, lr: 0.00050000, epoch_time: 442.0min
Epoch:[1/1](1240/635119), loss: 6.8973, logits_loss: 6.8973, aux_loss: 0.0000, lr: 0.00050000, epoch_time: 440.0min
Epoch:[1/1](1260/635119), loss: 5.7775, logits_loss: 5.7775, aux_loss: 0.0000, lr: 0.00050000, epoch_time: 438.0min
Epoch:[1/1](1280/635119), loss: 5.3449, logits_loss: 5.3449, aux_loss: 0.0000, lr: 0.00050000, epoch_time: 435.0min
Epoch:[1/1](1300/635119), loss: 6.5242, logits_loss: 6.5242, aux_loss: 0.0000, lr: 0.00050000, epoch_time: 434.0min
Epoch:[1/1](1320/635119), loss: 6.2158, logits_loss: 6.2158, aux_loss: 0.0000, lr: 0.00050000, epoch_time: 433.0min
Epoch:[1/1](1340/635119), loss: 6.0073, logits_loss: 6.0073, aux_loss: 0.0000, lr: 0.00050000, epoch_time: 431.0min
Epoch:[1/1](1360/635119), loss: 6.4737, logits_loss: 6.4737, aux_loss: 0.0000, lr: 0.00049999, epoch_time: 429.0min
Epoch:[1/1](1380/635119), loss: 6.2072, logits_loss: 6.2072, aux_loss: 0.0000, lr: 0.00049999, epoch_time: 427.0min
Epoch:[1/1](1400/635119), loss: 6.0069, logits_loss: 6.0069, aux_loss: 0.0000, lr: 0.00049999, epoch_time: 425.0min
Epoch:[1/1](1420/635119), loss: 7.0921, logits_loss: 7.0921, aux_loss: 0.0000, lr: 0.00049999, epoch_time: 432.0min
Epoch:[1/1](1440/635119), loss: 6.0844, logits_loss: 6.0844, aux_loss: 0.0000, lr: 0.00049999, epoch_time: 431.0min
Epoch:[1/1](1460/635119), loss: 6.6256, logits_loss: 6.6256, aux_loss: 0.0000, lr: 0.00049999, epoch_time: 430.0min
Epoch:[1/1](1480/635119), loss: 6.1852, logits_loss: 6.1852, aux_loss: 0.0000, lr: 0.00049999, epoch_time: 428.0min
Epoch:[1/1](1500/635119), loss: 5.9510, logits_loss: 5.9510, aux_loss: 0.0000, lr: 0.00049999, epoch_time: 427.0min
Epoch:[1/1](1520/635119), loss: 6.2581, logits_loss: 6.2581, aux_loss: 0.0000, lr: 0.00049999, epoch_time: 426.0min
Epoch:[1/1](1540/635119), loss: 6.4456, logits_loss: 6.4456, aux_loss: 0.0000, lr: 0.00049999, epoch_time: 425.0min
Epoch:[1/1](1560/635119), loss: 6.7686, logits_loss: 6.7686, aux_loss: 0.0000, lr: 0.00049999, epoch_time: 424.0min
Epoch:[1/1](1580/635119), loss: 6.3863, logits_loss: 6.3863, aux_loss: 0.0000, lr: 0.00049999, epoch_time: 423.0min
Epoch:[1/1](1600/635119), loss: 6.7605, logits_loss: 6.7605, aux_loss: 0.0000, lr: 0.00049999, epoch_time: 422.0min
Epoch:[1/1](1620/635119), loss: 5.8932, logits_loss: 5.8932, aux_loss: 0.0000, lr: 0.00049999, epoch_time: 429.0min
Epoch:[1/1](1640/635119), loss: 6.1887, logits_loss: 6.1887, aux_loss: 0.0000, lr: 0.00049999, epoch_time: 428.0min
Epoch:[1/1](1660/635119), loss: 6.2430, logits_loss: 6.2430, aux_loss: 0.0000, lr: 0.00049999, epoch_time: 426.0min
Epoch:[1/1](1680/635119), loss: 6.5947, logits_loss: 6.5947, aux_loss: 0.0000, lr: 0.00049999, epoch_time: 425.0min
Epoch:[1/1](1700/635119), loss: 6.1050, logits_loss: 6.1050, aux_loss: 0.0000, lr: 0.00049999, epoch_time: 424.0min
Epoch:[1/1](1720/635119), loss: 6.4774, logits_loss: 6.4774, aux_loss: 0.0000, lr: 0.00049999, epoch_time: 423.0min
Epoch:[1/1](1740/635119), loss: 6.8984, logits_loss: 6.8984, aux_loss: 0.0000, lr: 0.00049999, epoch_time: 422.0min
Epoch:[1/1](1760/635119), loss: 6.3702, logits_loss: 6.3702, aux_loss: 0.0000, lr: 0.00049999, epoch_time: 421.0min
Epoch:[1/1](1780/635119), loss: 7.5364, logits_loss: 7.5364, aux_loss: 0.0000, lr: 0.00049999, epoch_time: 420.0min
Epoch:[1/1](1800/635119), loss: 6.1723, logits_loss: 6.1723, aux_loss: 0.0000, lr: 0.00049999, epoch_time: 420.0min
Epoch:[1/1](1820/635119), loss: 5.7235, logits_loss: 5.7235, aux_loss: 0.0000, lr: 0.00049999, epoch_time: 425.0min
Epoch:[1/1](1840/635119), loss: 5.6350, logits_loss: 5.6350, aux_loss: 0.0000, lr: 0.00049999, epoch_time: 424.0min
Epoch:[1/1](1860/635119), loss: 6.2631, logits_loss: 6.2631, aux_loss: 0.0000, lr: 0.00049999, epoch_time: 424.0min
Epoch:[1/1](1880/635119), loss: 6.1850, logits_loss: 6.1850, aux_loss: 0.0000, lr: 0.00049999, epoch_time: 424.0min
Epoch:[1/1](1900/635119), loss: 6.3154, logits_loss: 6.3154, aux_loss: 0.0000, lr: 0.00049999, epoch_time: 424.0min
Epoch:[1/1](1920/635119), loss: 5.8723, logits_loss: 5.8723, aux_loss: 0.0000, lr: 0.00049999, epoch_time: 424.0min
Epoch:[1/1](1940/635119), loss: 6.0449, logits_loss: 6.0449, aux_loss: 0.0000, lr: 0.00049999, epoch_time: 423.0min
Epoch:[1/1](1960/635119), loss: 5.8926, logits_loss: 5.8926, aux_loss: 0.0000, lr: 0.00049999, epoch_time: 422.0min
Epoch:[1/1](1980/635119), loss: 6.6622, logits_loss: 6.6622, aux_loss: 0.0000, lr: 0.00049999, epoch_time: 422.0min
Epoch:[1/1](2000/635119), loss: 7.1359, logits_loss: 7.1359, aux_loss: 0.0000, lr: 0.00049999, epoch_time: 421.0min
Epoch:[1/1](2020/635119), loss: 6.6519, logits_loss: 6.6519, aux_loss: 0.0000, lr: 0.00049999, epoch_time: 425.0min
Epoch:[1/1](2040/635119), loss: 6.5972, logits_loss: 6.5972, aux_loss: 0.0000, lr: 0.00049999, epoch_time: 425.0min
Epoch:[1/1](2060/635119), loss: 6.0843, logits_loss: 6.0843, aux_loss: 0.0000, lr: 0.00049999, epoch_time: 424.0min
Epoch:[1/1](2080/635119), loss: 6.4504, logits_loss: 6.4504, aux_loss: 0.0000, lr: 0.00049999, epoch_time: 424.0min
Epoch:[1/1](2100/635119), loss: 5.6414, logits_loss: 5.6414, aux_loss: 0.0000, lr: 0.00049999, epoch_time: 424.0min
Epoch:[1/1](2120/635119), loss: 6.2008, logits_loss: 6.2008, aux_loss: 0.0000, lr: 0.00049999, epoch_time: 424.0min
Epoch:[1/1](2140/635119), loss: 6.2866, logits_loss: 6.2866, aux_loss: 0.0000, lr: 0.00049999, epoch_time: 424.0min
Epoch:[1/1](2160/635119), loss: 6.0263, logits_loss: 6.0263, aux_loss: 0.0000, lr: 0.00049999, epoch_time: 423.0min
Epoch:[1/1](2180/635119), loss: 5.8004, logits_loss: 5.8004, aux_loss: 0.0000, lr: 0.00049999, epoch_time: 423.0min
Epoch:[1/1](2200/635119), loss: 5.2547, logits_loss: 5.2547, aux_loss: 0.0000, lr: 0.00049999, epoch_time: 424.0min
Epoch:[1/1](2220/635119), loss: 6.2950, logits_loss: 6.2950, aux_loss: 0.0000, lr: 0.00049999, epoch_time: 427.0min
Epoch:[1/1](2240/635119), loss: 6.1468, logits_loss: 6.1468, aux_loss: 0.0000, lr: 0.00049999, epoch_time: 427.0min
Epoch:[1/1](2260/635119), loss: 6.2732, logits_loss: 6.2732, aux_loss: 0.0000, lr: 0.00049999, epoch_time: 427.0min
Epoch:[1/1](2280/635119), loss: 5.3065, logits_loss: 5.3065, aux_loss: 0.0000, lr: 0.00049999, epoch_time: 427.0min
Epoch:[1/1](2300/635119), loss: 5.2054, logits_loss: 5.2054, aux_loss: 0.0000, lr: 0.00049999, epoch_time: 426.0min
Epoch:[1/1](2320/635119), loss: 6.2039, logits_loss: 6.2039, aux_loss: 0.0000, lr: 0.00049999, epoch_time: 427.0min
Epoch:[1/1](2340/635119), loss: 5.3901, logits_loss: 5.3901, aux_loss: 0.0000, lr: 0.00049998, epoch_time: 426.0min
Epoch:[1/1](2360/635119), loss: 6.0234, logits_loss: 6.0234, aux_loss: 0.0000, lr: 0.00049998, epoch_time: 426.0min
Epoch:[1/1](2380/635119), loss: 6.3412, logits_loss: 6.3412, aux_loss: 0.0000, lr: 0.00049998, epoch_time: 427.0min
Epoch:[1/1](2400/635119), loss: 5.3024, logits_loss: 5.3024, aux_loss: 0.0000, lr: 0.00049998, epoch_time: 426.0min
Epoch:[1/1](2420/635119), loss: 5.7360, logits_loss: 5.7360, aux_loss: 0.0000, lr: 0.00049998, epoch_time: 429.0min
Epoch:[1/1](2440/635119), loss: 5.3374, logits_loss: 5.3374, aux_loss: 0.0000, lr: 0.00049998, epoch_time: 428.0min
Epoch:[1/1](2460/635119), loss: 6.2939, logits_loss: 6.2939, aux_loss: 0.0000, lr: 0.00049998, epoch_time: 428.0min
Epoch:[1/1](2480/635119), loss: 5.8942, logits_loss: 5.8942, aux_loss: 0.0000, lr: 0.00049998, epoch_time: 428.0min
Epoch:[1/1](2500/635119), loss: 6.1439, logits_loss: 6.1439, aux_loss: 0.0000, lr: 0.00049998, epoch_time: 427.0min
Epoch:[1/1](2520/635119), loss: 5.7040, logits_loss: 5.7040, aux_loss: 0.0000, lr: 0.00049998, epoch_time: 426.0min
Epoch:[1/1](2540/635119), loss: 6.2396, logits_loss: 6.2396, aux_loss: 0.0000, lr: 0.00049998, epoch_time: 425.0min
Epoch:[1/1](2560/635119), loss: 6.0276, logits_loss: 6.0276, aux_loss: 0.0000, lr: 0.00049998, epoch_time: 424.0min
Epoch:[1/1](2580/635119), loss: 5.7818, logits_loss: 5.7818, aux_loss: 0.0000, lr: 0.00049998, epoch_time: 424.0min
Epoch:[1/1](2600/635119), loss: 5.2998, logits_loss: 5.2998, aux_loss: 0.0000, lr: 0.00049998, epoch_time: 423.0min
Epoch:[1/1](2620/635119), loss: 5.8022, logits_loss: 5.8022, aux_loss: 0.0000, lr: 0.00049998, epoch_time: 425.0min
Epoch:[1/1](2640/635119), loss: 6.4712, logits_loss: 6.4712, aux_loss: 0.0000, lr: 0.00049998, epoch_time: 424.0min
Epoch:[1/1](2660/635119), loss: 6.3418, logits_loss: 6.3418, aux_loss: 0.0000, lr: 0.00049998, epoch_time: 423.0min
Epoch:[1/1](2680/635119), loss: 5.2320, logits_loss: 5.2320, aux_loss: 0.0000, lr: 0.00049998, epoch_time: 422.0min
Epoch:[1/1](2700/635119), loss: 5.5388, logits_loss: 5.5388, aux_loss: 0.0000, lr: 0.00049998, epoch_time: 421.0min
Epoch:[1/1](2720/635119), loss: 5.2661, logits_loss: 5.2661, aux_loss: 0.0000, lr: 0.00049998, epoch_time: 420.0min
Epoch:[1/1](2740/635119), loss: 6.2412, logits_loss: 6.2412, aux_loss: 0.0000, lr: 0.00049998, epoch_time: 419.0min
Epoch:[1/1](2760/635119), loss: 6.1897, logits_loss: 6.1897, aux_loss: 0.0000, lr: 0.00049998, epoch_time: 418.0min
Epoch:[1/1](2780/635119), loss: 5.5670, logits_loss: 5.5670, aux_loss: 0.0000, lr: 0.00049998, epoch_time: 418.0min
Epoch:[1/1](2800/635119), loss: 5.7158, logits_loss: 5.7158, aux_loss: 0.0000, lr: 0.00049998, epoch_time: 417.0min
Epoch:[1/1](2820/635119), loss: 5.5713, logits_loss: 5.5713, aux_loss: 0.0000, lr: 0.00049998, epoch_time: 418.0min
Epoch:[1/1](2840/635119), loss: 6.0436, logits_loss: 6.0436, aux_loss: 0.0000, lr: 0.00049998, epoch_time: 418.0min
Epoch:[1/1](2860/635119), loss: 5.6595, logits_loss: 5.6595, aux_loss: 0.0000, lr: 0.00049998, epoch_time: 417.0min
Epoch:[1/1](2880/635119), loss: 6.0466, logits_loss: 6.0466, aux_loss: 0.0000, lr: 0.00049998, epoch_time: 416.0min
Epoch:[1/1](2900/635119), loss: 5.7718, logits_loss: 5.7718, aux_loss: 0.0000, lr: 0.00049998, epoch_time: 416.0min
Epoch:[1/1](2920/635119), loss: 5.4829, logits_loss: 5.4829, aux_loss: 0.0000, lr: 0.00049998, epoch_time: 416.0min
Epoch:[1/1](2940/635119), loss: 6.4162, logits_loss: 6.4162, aux_loss: 0.0000, lr: 0.00049998, epoch_time: 416.0min
Epoch:[1/1](2960/635119), loss: 5.9819, logits_loss: 5.9819, aux_loss: 0.0000, lr: 0.00049998, epoch_time: 415.0min
Epoch:[1/1](2980/635119), loss: 5.2572, logits_loss: 5.2572, aux_loss: 0.0000, lr: 0.00049998, epoch_time: 415.0min
Epoch:[1/1](3000/635119), loss: 6.0702, logits_loss: 6.0702, aux_loss: 0.0000, lr: 0.00049998, epoch_time: 416.0min
Epoch:[1/1](3020/635119), loss: 5.5652, logits_loss: 5.5652, aux_loss: 0.0000, lr: 0.00049997, epoch_time: 418.0min
Epoch:[1/1](3040/635119), loss: 5.3789, logits_loss: 5.3789, aux_loss: 0.0000, lr: 0.00049997, epoch_time: 418.0min
Epoch:[1/1](3060/635119), loss: 5.6083, logits_loss: 5.6083, aux_loss: 0.0000, lr: 0.00049997, epoch_time: 418.0min
Epoch:[1/1](3080/635119), loss: 5.9440, logits_loss: 5.9440, aux_loss: 0.0000, lr: 0.00049997, epoch_time: 418.0min
Epoch:[1/1](3100/635119), loss: 5.4645, logits_loss: 5.4645, aux_loss: 0.0000, lr: 0.00049997, epoch_time: 417.0min
Epoch:[1/1](3120/635119), loss: 5.7403, logits_loss: 5.7403, aux_loss: 0.0000, lr: 0.00049997, epoch_time: 417.0min
Epoch:[1/1](3140/635119), loss: 5.4361, logits_loss: 5.4361, aux_loss: 0.0000, lr: 0.00049997, epoch_time: 417.0min
Epoch:[1/1](3160/635119), loss: 4.9426, logits_loss: 4.9426, aux_loss: 0.0000, lr: 0.00049997, epoch_time: 417.0min
Epoch:[1/1](3180/635119), loss: 5.7446, logits_loss: 5.7446, aux_loss: 0.0000, lr: 0.00049997, epoch_time: 416.0min
Epoch:[1/1](3200/635119), loss: 6.0874, logits_loss: 6.0874, aux_loss: 0.0000, lr: 0.00049997, epoch_time: 416.0min
Epoch:[1/1](3220/635119), loss: 5.2134, logits_loss: 5.2134, aux_loss: 0.0000, lr: 0.00049997, epoch_time: 418.0min
Epoch:[1/1](3240/635119), loss: 5.6002, logits_loss: 5.6002, aux_loss: 0.0000, lr: 0.00049997, epoch_time: 418.0min
Epoch:[1/1](3260/635119), loss: 6.3056, logits_loss: 6.3056, aux_loss: 0.0000, lr: 0.00049997, epoch_time: 418.0min
Epoch:[1/1](3280/635119), loss: 5.8359, logits_loss: 5.8359, aux_loss: 0.0000, lr: 0.00049997, epoch_time: 417.0min
Epoch:[1/1](3300/635119), loss: 6.1166, logits_loss: 6.1166, aux_loss: 0.0000, lr: 0.00049997, epoch_time: 417.0min
Epoch:[1/1](3320/635119), loss: 5.3278, logits_loss: 5.3278, aux_loss: 0.0000, lr: 0.00049997, epoch_time: 416.0min
Epoch:[1/1](3340/635119), loss: 5.1970, logits_loss: 5.1970, aux_loss: 0.0000, lr: 0.00049997, epoch_time: 416.0min
Epoch:[1/1](3360/635119), loss: 5.2928, logits_loss: 5.2928, aux_loss: 0.0000, lr: 0.00049997, epoch_time: 416.0min
Epoch:[1/1](3380/635119), loss: 5.2371, logits_loss: 5.2371, aux_loss: 0.0000, lr: 0.00049997, epoch_time: 416.0min
Epoch:[1/1](3400/635119), loss: 5.6997, logits_loss: 5.6997, aux_loss: 0.0000, lr: 0.00049997, epoch_time: 416.0min
Epoch:[1/1](3420/635119), loss: 6.0696, logits_loss: 6.0696, aux_loss: 0.0000, lr: 0.00049997, epoch_time: 418.0min
Epoch:[1/1](3440/635119), loss: 6.0832, logits_loss: 6.0832, aux_loss: 0.0000, lr: 0.00049997, epoch_time: 418.0min
Epoch:[1/1](3460/635119), loss: 5.2047, logits_loss: 5.2047, aux_loss: 0.0000, lr: 0.00049997, epoch_time: 418.0min
Epoch:[1/1](3480/635119), loss: 5.8587, logits_loss: 5.8587, aux_loss: 0.0000, lr: 0.00049997, epoch_time: 418.0min
Epoch:[1/1](3500/635119), loss: 6.1715, logits_loss: 6.1715, aux_loss: 0.0000, lr: 0.00049997, epoch_time: 418.0min
Epoch:[1/1](3520/635119), loss: 4.8328, logits_loss: 4.8328, aux_loss: 0.0000, lr: 0.00049997, epoch_time: 417.0min
Epoch:[1/1](3540/635119), loss: 4.0595, logits_loss: 4.0595, aux_loss: 0.0000, lr: 0.00049997, epoch_time: 416.0min
Epoch:[1/1](3560/635119), loss: 5.1879, logits_loss: 5.1879, aux_loss: 0.0000, lr: 0.00049997, epoch_time: 416.0min
Epoch:[1/1](3580/635119), loss: 5.2724, logits_loss: 5.2724, aux_loss: 0.0000, lr: 0.00049996, epoch_time: 416.0min
Epoch:[1/1](3600/635119), loss: 6.2011, logits_loss: 6.2011, aux_loss: 0.0000, lr: 0.00049996, epoch_time: 416.0min
Epoch:[1/1](3620/635119), loss: 5.7008, logits_loss: 5.7008, aux_loss: 0.0000, lr: 0.00049996, epoch_time: 418.0min
Epoch:[1/1](3640/635119), loss: 4.7081, logits_loss: 4.7081, aux_loss: 0.0000, lr: 0.00049996, epoch_time: 418.0min
Epoch:[1/1](3660/635119), loss: 5.9952, logits_loss: 5.9952, aux_loss: 0.0000, lr: 0.00049996, epoch_time: 417.0min
Epoch:[1/1](3680/635119), loss: 5.6589, logits_loss: 5.6589, aux_loss: 0.0000, lr: 0.00049996, epoch_time: 417.0min
Epoch:[1/1](3700/635119), loss: 5.3898, logits_loss: 5.3898, aux_loss: 0.0000, lr: 0.00049996, epoch_time: 417.0min
Epoch:[1/1](3720/635119), loss: 4.8441, logits_loss: 4.8441, aux_loss: 0.0000, lr: 0.00049996, epoch_time: 416.0min
Epoch:[1/1](3740/635119), loss: 4.5539, logits_loss: 4.5539, aux_loss: 0.0000, lr: 0.00049996, epoch_time: 416.0min
Epoch:[1/1](3760/635119), loss: 5.6840, logits_loss: 5.6840, aux_loss: 0.0000, lr: 0.00049996, epoch_time: 415.0min
Epoch:[1/1](3780/635119), loss: 5.0161, logits_loss: 5.0161, aux_loss: 0.0000, lr: 0.00049996, epoch_time: 415.0min
Epoch:[1/1](3800/635119), loss: 5.1350, logits_loss: 5.1350, aux_loss: 0.0000, lr: 0.00049996, epoch_time: 414.0min
Epoch:[1/1](3820/635119), loss: 5.2494, logits_loss: 5.2494, aux_loss: 0.0000, lr: 0.00049996, epoch_time: 416.0min
Epoch:[1/1](3840/635119), loss: 5.2802, logits_loss: 5.2802, aux_loss: 0.0000, lr: 0.00049996, epoch_time: 416.0min
Epoch:[1/1](3860/635119), loss: 5.6850, logits_loss: 5.6850, aux_loss: 0.0000, lr: 0.00049996, epoch_time: 415.0min
Epoch:[1/1](3880/635119), loss: 5.2284, logits_loss: 5.2284, aux_loss: 0.0000, lr: 0.00049996, epoch_time: 415.0min
Epoch:[1/1](3900/635119), loss: 5.5646, logits_loss: 5.5646, aux_loss: 0.0000, lr: 0.00049996, epoch_time: 414.0min
Epoch:[1/1](3920/635119), loss: 6.1360, logits_loss: 6.1360, aux_loss: 0.0000, lr: 0.00049996, epoch_time: 414.0min
Epoch:[1/1](3940/635119), loss: 5.4533, logits_loss: 5.4533, aux_loss: 0.0000, lr: 0.00049996, epoch_time: 414.0min
Epoch:[1/1](3960/635119), loss: 4.8200, logits_loss: 4.8200, aux_loss: 0.0000, lr: 0.00049996, epoch_time: 414.0min
Epoch:[1/1](3980/635119), loss: 5.6583, logits_loss: 5.6583, aux_loss: 0.0000, lr: 0.00049996, epoch_time: 414.0min
Epoch:[1/1](4000/635119), loss: 4.7318, logits_loss: 4.7318, aux_loss: 0.0000, lr: 0.00049996, epoch_time: 413.0min
Epoch:[1/1](4020/635119), loss: 5.6657, logits_loss: 5.6657, aux_loss: 0.0000, lr: 0.00049996, epoch_time: 415.0min
Epoch:[1/1](4040/635119), loss: 4.9789, logits_loss: 4.9789, aux_loss: 0.0000, lr: 0.00049996, epoch_time: 415.0min
Epoch:[1/1](4060/635119), loss: 5.5389, logits_loss: 5.5389, aux_loss: 0.0000, lr: 0.00049995, epoch_time: 414.0min
Epoch:[1/1](4080/635119), loss: 4.9516, logits_loss: 4.9516, aux_loss: 0.0000, lr: 0.00049995, epoch_time: 414.0min
Epoch:[1/1](4100/635119), loss: 5.2766, logits_loss: 5.2766, aux_loss: 0.0000, lr: 0.00049995, epoch_time: 413.0min
Epoch:[1/1](4120/635119), loss: 5.6210, logits_loss: 5.6210, aux_loss: 0.0000, lr: 0.00049995, epoch_time: 413.0min
Epoch:[1/1](4140/635119), loss: 5.2053, logits_loss: 5.2053, aux_loss: 0.0000, lr: 0.00049995, epoch_time: 412.0min
Epoch:[1/1](4160/635119), loss: 5.1480, logits_loss: 5.1480, aux_loss: 0.0000, lr: 0.00049995, epoch_time: 412.0min
Epoch:[1/1](4180/635119), loss: 5.2300, logits_loss: 5.2300, aux_loss: 0.0000, lr: 0.00049995, epoch_time: 411.0min
Epoch:[1/1](4200/635119), loss: 5.8553, logits_loss: 5.8553, aux_loss: 0.0000, lr: 0.00049995, epoch_time: 411.0min
Epoch:[1/1](4220/635119), loss: 5.2888, logits_loss: 5.2888, aux_loss: 0.0000, lr: 0.00049995, epoch_time: 413.0min
Epoch:[1/1](4240/635119), loss: 6.3102, logits_loss: 6.3102, aux_loss: 0.0000, lr: 0.00049995, epoch_time: 413.0min
Epoch:[1/1](4260/635119), loss: 5.5523, logits_loss: 5.5523, aux_loss: 0.0000, lr: 0.00049995, epoch_time: 413.0min
Epoch:[1/1](4280/635119), loss: 5.5598, logits_loss: 5.5598, aux_loss: 0.0000, lr: 0.00049995, epoch_time: 412.0min
Epoch:[1/1](4300/635119), loss: 5.2379, logits_loss: 5.2379, aux_loss: 0.0000, lr: 0.00049995, epoch_time: 412.0min
Epoch:[1/1](4320/635119), loss: 5.5154, logits_loss: 5.5154, aux_loss: 0.0000, lr: 0.00049995, epoch_time: 412.0min
Epoch:[1/1](4340/635119), loss: 4.6599, logits_loss: 4.6599, aux_loss: 0.0000, lr: 0.00049995, epoch_time: 412.0min
Epoch:[1/1](4360/635119), loss: 5.0496, logits_loss: 5.0496, aux_loss: 0.0000, lr: 0.00049995, epoch_time: 411.0min
Epoch:[1/1](4380/635119), loss: 5.0809, logits_loss: 5.0809, aux_loss: 0.0000, lr: 0.00049995, epoch_time: 411.0min
Epoch:[1/1](4400/635119), loss: 6.1175, logits_loss: 6.1175, aux_loss: 0.0000, lr: 0.00049995, epoch_time: 410.0min
Epoch:[1/1](4420/635119), loss: 4.8215, logits_loss: 4.8215, aux_loss: 0.0000, lr: 0.00049995, epoch_time: 412.0min
Epoch:[1/1](4440/635119), loss: 5.0800, logits_loss: 5.0800, aux_loss: 0.0000, lr: 0.00049995, epoch_time: 411.0min
Epoch:[1/1](4460/635119), loss: 4.8688, logits_loss: 4.8688, aux_loss: 0.0000, lr: 0.00049995, epoch_time: 411.0min
Epoch:[1/1](4480/635119), loss: 5.6803, logits_loss: 5.6803, aux_loss: 0.0000, lr: 0.00049994, epoch_time: 410.0min
Epoch:[1/1](4500/635119), loss: 3.5195, logits_loss: 3.5195, aux_loss: 0.0000, lr: 0.00049994, epoch_time: 410.0min
Epoch:[1/1](4520/635119), loss: 5.3837, logits_loss: 5.3837, aux_loss: 0.0000, lr: 0.00049994, epoch_time: 410.0min
Epoch:[1/1](4540/635119), loss: 5.4647, logits_loss: 5.4647, aux_loss: 0.0000, lr: 0.00049994, epoch_time: 409.0min
Epoch:[1/1](4560/635119), loss: 4.9299, logits_loss: 4.9299, aux_loss: 0.0000, lr: 0.00049994, epoch_time: 409.0min
Epoch:[1/1](4580/635119), loss: 5.6181, logits_loss: 5.6181, aux_loss: 0.0000, lr: 0.00049994, epoch_time: 408.0min
Epoch:[1/1](4600/635119), loss: 4.9900, logits_loss: 4.9900, aux_loss: 0.0000, lr: 0.00049994, epoch_time: 408.0min
Epoch:[1/1](4620/635119), loss: 4.9989, logits_loss: 4.9989, aux_loss: 0.0000, lr: 0.00049994, epoch_time: 409.0min
Epoch:[1/1](4640/635119), loss: 5.8208, logits_loss: 5.8208, aux_loss: 0.0000, lr: 0.00049994, epoch_time: 409.0min
Epoch:[1/1](4660/635119), loss: 5.0348, logits_loss: 5.0348, aux_loss: 0.0000, lr: 0.00049994, epoch_time: 408.0min
Epoch:[1/1](4680/635119), loss: 4.8187, logits_loss: 4.8187, aux_loss: 0.0000, lr: 0.00049994, epoch_time: 408.0min
Epoch:[1/1](4700/635119), loss: 4.7585, logits_loss: 4.7585, aux_loss: 0.0000, lr: 0.00049994, epoch_time: 408.0min
Epoch:[1/1](4720/635119), loss: 5.2831, logits_loss: 5.2831, aux_loss: 0.0000, lr: 0.00049994, epoch_time: 408.0min
Epoch:[1/1](4740/635119), loss: 5.1015, logits_loss: 5.1015, aux_loss: 0.0000, lr: 0.00049994, epoch_time: 407.0min
Epoch:[1/1](4760/635119), loss: 5.5084, logits_loss: 5.5084, aux_loss: 0.0000, lr: 0.00049994, epoch_time: 407.0min
Epoch:[1/1](4780/635119), loss: 5.0291, logits_loss: 5.0291, aux_loss: 0.0000, lr: 0.00049994, epoch_time: 407.0min
Epoch:[1/1](4800/635119), loss: 5.6423, logits_loss: 5.6423, aux_loss: 0.0000, lr: 0.00049994, epoch_time: 407.0min
Epoch:[1/1](4820/635119), loss: 5.1286, logits_loss: 5.1286, aux_loss: 0.0000, lr: 0.00049994, epoch_time: 409.0min
Epoch:[1/1](4840/635119), loss: 4.8014, logits_loss: 4.8014, aux_loss: 0.0000, lr: 0.00049994, epoch_time: 409.0min
Epoch:[1/1](4860/635119), loss: 6.7213, logits_loss: 6.7213, aux_loss: 0.0000, lr: 0.00049993, epoch_time: 408.0min
Epoch:[1/1](4880/635119), loss: 4.7876, logits_loss: 4.7876, aux_loss: 0.0000, lr: 0.00049993, epoch_time: 408.0min
Epoch:[1/1](4900/635119), loss: 4.6659, logits_loss: 4.6659, aux_loss: 0.0000, lr: 0.00049993, epoch_time: 408.0min
Epoch:[1/1](4920/635119), loss: 5.1352, logits_loss: 5.1352, aux_loss: 0.0000, lr: 0.00049993, epoch_time: 408.0min
Epoch:[1/1](4940/635119), loss: 4.0788, logits_loss: 4.0788, aux_loss: 0.0000, lr: 0.00049993, epoch_time: 408.0min
Epoch:[1/1](4960/635119), loss: 4.7585, logits_loss: 4.7585, aux_loss: 0.0000, lr: 0.00049993, epoch_time: 408.0min
Epoch:[1/1](4980/635119), loss: 5.1879, logits_loss: 5.1879, aux_loss: 0.0000, lr: 0.00049993, epoch_time: 408.0min
Epoch:[1/1](5000/635119), loss: 5.9312, logits_loss: 5.9312, aux_loss: 0.0000, lr: 0.00049993, epoch_time: 407.0min
Epoch:[1/1](5020/635119), loss: 5.0642, logits_loss: 5.0642, aux_loss: 0.0000, lr: 0.00049993, epoch_time: 412.0min
Epoch:[1/1](5040/635119), loss: 5.0779, logits_loss: 5.0779, aux_loss: 0.0000, lr: 0.00049993, epoch_time: 412.0min
Epoch:[1/1](5060/635119), loss: 5.3823, logits_loss: 5.3823, aux_loss: 0.0000, lr: 0.00049993, epoch_time: 412.0min
Epoch:[1/1](5080/635119), loss: 4.7857, logits_loss: 4.7857, aux_loss: 0.0000, lr: 0.00049993, epoch_time: 412.0min
Epoch:[1/1](5100/635119), loss: 5.6853, logits_loss: 5.6853, aux_loss: 0.0000, lr: 0.00049993, epoch_time: 412.0min
Epoch:[1/1](5120/635119), loss: 5.0855, logits_loss: 5.0855, aux_loss: 0.0000, lr: 0.00049993, epoch_time: 412.0min
Epoch:[1/1](5140/635119), loss: 4.9115, logits_loss: 4.9115, aux_loss: 0.0000, lr: 0.00049993, epoch_time: 411.0min
Epoch:[1/1](5160/635119), loss: 4.5270, logits_loss: 4.5270, aux_loss: 0.0000, lr: 0.00049993, epoch_time: 411.0min
Epoch:[1/1](5180/635119), loss: 5.9395, logits_loss: 5.9395, aux_loss: 0.0000, lr: 0.00049993, epoch_time: 411.0min
Epoch:[1/1](5200/635119), loss: 5.2924, logits_loss: 5.2924, aux_loss: 0.0000, lr: 0.00049993, epoch_time: 410.0min
Epoch:[1/1](5220/635119), loss: 5.8814, logits_loss: 5.8814, aux_loss: 0.0000, lr: 0.00049993, epoch_time: 412.0min
Epoch:[1/1](5240/635119), loss: 4.7192, logits_loss: 4.7192, aux_loss: 0.0000, lr: 0.00049992, epoch_time: 411.0min
Epoch:[1/1](5260/635119), loss: 5.1533, logits_loss: 5.1533, aux_loss: 0.0000, lr: 0.00049992, epoch_time: 411.0min
Epoch:[1/1](5280/635119), loss: 5.7642, logits_loss: 5.7642, aux_loss: 0.0000, lr: 0.00049992, epoch_time: 410.0min
Epoch:[1/1](5300/635119), loss: 3.4507, logits_loss: 3.4507, aux_loss: 0.0000, lr: 0.00049992, epoch_time: 410.0min
Epoch:[1/1](5320/635119), loss: 5.6953, logits_loss: 5.6953, aux_loss: 0.0000, lr: 0.00049992, epoch_time: 410.0min
Epoch:[1/1](5340/635119), loss: 5.6768, logits_loss: 5.6768, aux_loss: 0.0000, lr: 0.00049992, epoch_time: 410.0min
Epoch:[1/1](5360/635119), loss: 4.6342, logits_loss: 4.6342, aux_loss: 0.0000, lr: 0.00049992, epoch_time: 410.0min
Epoch:[1/1](5380/635119), loss: 4.7428, logits_loss: 4.7428, aux_loss: 0.0000, lr: 0.00049992, epoch_time: 409.0min
Epoch:[1/1](5400/635119), loss: 3.7635, logits_loss: 3.7635, aux_loss: 0.0000, lr: 0.00049992, epoch_time: 409.0min
Epoch:[1/1](5420/635119), loss: 5.4838, logits_loss: 5.4838, aux_loss: 0.0000, lr: 0.00049992, epoch_time: 410.0min
Epoch:[1/1](5440/635119), loss: 5.4687, logits_loss: 5.4687, aux_loss: 0.0000, lr: 0.00049992, epoch_time: 410.0min
Epoch:[1/1](5460/635119), loss: 4.5157, logits_loss: 4.5157, aux_loss: 0.0000, lr: 0.00049992, epoch_time: 410.0min
Epoch:[1/1](5480/635119), loss: 4.7903, logits_loss: 4.7903, aux_loss: 0.0000, lr: 0.00049992, epoch_time: 410.0min
Epoch:[1/1](5500/635119), loss: 4.4713, logits_loss: 4.4713, aux_loss: 0.0000, lr: 0.00049992, epoch_time: 410.0min
Epoch:[1/1](5520/635119), loss: 5.0836, logits_loss: 5.0836, aux_loss: 0.0000, lr: 0.00049992, epoch_time: 409.0min
Epoch:[1/1](5540/635119), loss: 5.2721, logits_loss: 5.2721, aux_loss: 0.0000, lr: 0.00049992, epoch_time: 409.0min
Epoch:[1/1](5560/635119), loss: 4.4559, logits_loss: 4.4559, aux_loss: 0.0000, lr: 0.00049991, epoch_time: 409.0min
Epoch:[1/1](5580/635119), loss: 5.4258, logits_loss: 5.4258, aux_loss: 0.0000, lr: 0.00049991, epoch_time: 409.0min
Epoch:[1/1](5600/635119), loss: 5.2700, logits_loss: 5.2700, aux_loss: 0.0000, lr: 0.00049991, epoch_time: 409.0min
Epoch:[1/1](5620/635119), loss: 6.3253, logits_loss: 6.3253, aux_loss: 0.0000, lr: 0.00049991, epoch_time: 410.0min
Epoch:[1/1](5640/635119), loss: 4.8656, logits_loss: 4.8656, aux_loss: 0.0000, lr: 0.00049991, epoch_time: 410.0min
Epoch:[1/1](5660/635119), loss: 4.6649, logits_loss: 4.6649, aux_loss: 0.0000, lr: 0.00049991, epoch_time: 409.0min
Epoch:[1/1](5680/635119), loss: 5.2292, logits_loss: 5.2292, aux_loss: 0.0000, lr: 0.00049991, epoch_time: 409.0min
Epoch:[1/1](5700/635119), loss: 5.6408, logits_loss: 5.6408, aux_loss: 0.0000, lr: 0.00049991, epoch_time: 408.0min
Epoch:[1/1](5720/635119), loss: 5.1466, logits_loss: 5.1466, aux_loss: 0.0000, lr: 0.00049991, epoch_time: 408.0min
Epoch:[1/1](5740/635119), loss: 5.5641, logits_loss: 5.5641, aux_loss: 0.0000, lr: 0.00049991, epoch_time: 408.0min
Epoch:[1/1](5760/635119), loss: 5.0239, logits_loss: 5.0239, aux_loss: 0.0000, lr: 0.00049991, epoch_time: 408.0min
Epoch:[1/1](5780/635119), loss: 5.2772, logits_loss: 5.2772, aux_loss: 0.0000, lr: 0.00049991, epoch_time: 407.0min
Epoch:[1/1](5800/635119), loss: 6.0215, logits_loss: 6.0215, aux_loss: 0.0000, lr: 0.00049991, epoch_time: 407.0min
Epoch:[1/1](5820/635119), loss: 5.0648, logits_loss: 5.0648, aux_loss: 0.0000, lr: 0.00049991, epoch_time: 408.0min
Epoch:[1/1](5840/635119), loss: 4.7207, logits_loss: 4.7207, aux_loss: 0.0000, lr: 0.00049991, epoch_time: 408.0min
Epoch:[1/1](5860/635119), loss: 5.3679, logits_loss: 5.3679, aux_loss: 0.0000, lr: 0.00049991, epoch_time: 408.0min
Epoch:[1/1](5880/635119), loss: 3.9748, logits_loss: 3.9748, aux_loss: 0.0000, lr: 0.00049990, epoch_time: 408.0min
Epoch:[1/1](5900/635119), loss: 5.3511, logits_loss: 5.3511, aux_loss: 0.0000, lr: 0.00049990, epoch_time: 408.0min
Epoch:[1/1](5920/635119), loss: 4.6115, logits_loss: 4.6115, aux_loss: 0.0000, lr: 0.00049990, epoch_time: 408.0min
Epoch:[1/1](5940/635119), loss: 5.3825, logits_loss: 5.3825, aux_loss: 0.0000, lr: 0.00049990, epoch_time: 408.0min
Epoch:[1/1](5960/635119), loss: 3.7863, logits_loss: 3.7863, aux_loss: 0.0000, lr: 0.00049990, epoch_time: 408.0min
Epoch:[1/1](5980/635119), loss: 4.4054, logits_loss: 4.4054, aux_loss: 0.0000, lr: 0.00049990, epoch_time: 408.0min
Epoch:[1/1](6000/635119), loss: 5.3840, logits_loss: 5.3840, aux_loss: 0.0000, lr: 0.00049990, epoch_time: 408.0min
Epoch:[1/1](6020/635119), loss: 4.7656, logits_loss: 4.7656, aux_loss: 0.0000, lr: 0.00049990, epoch_time: 409.0min
Epoch:[1/1](6040/635119), loss: 5.8313, logits_loss: 5.8313, aux_loss: 0.0000, lr: 0.00049990, epoch_time: 409.0min
Epoch:[1/1](6060/635119), loss: 5.5849, logits_loss: 5.5849, aux_loss: 0.0000, lr: 0.00049990, epoch_time: 409.0min
Epoch:[1/1](6080/635119), loss: 5.2518, logits_loss: 5.2518, aux_loss: 0.0000, lr: 0.00049990, epoch_time: 409.0min
Epoch:[1/1](6100/635119), loss: 3.6520, logits_loss: 3.6520, aux_loss: 0.0000, lr: 0.00049990, epoch_time: 409.0min
Epoch:[1/1](6120/635119), loss: 4.6152, logits_loss: 4.6152, aux_loss: 0.0000, lr: 0.00049990, epoch_time: 409.0min
Epoch:[1/1](6140/635119), loss: 4.1324, logits_loss: 4.1324, aux_loss: 0.0000, lr: 0.00049990, epoch_time: 409.0min
Epoch:[1/1](6160/635119), loss: 4.5986, logits_loss: 4.5986, aux_loss: 0.0000, lr: 0.00049990, epoch_time: 409.0min
Epoch:[1/1](6180/635119), loss: 4.3999, logits_loss: 4.3999, aux_loss: 0.0000, lr: 0.00049989, epoch_time: 409.0min
Epoch:[1/1](6200/635119), loss: 5.3406, logits_loss: 5.3406, aux_loss: 0.0000, lr: 0.00049989, epoch_time: 409.0min
Epoch:[1/1](6220/635119), loss: 3.7550, logits_loss: 3.7550, aux_loss: 0.0000, lr: 0.00049989, epoch_time: 410.0min
Epoch:[1/1](6240/635119), loss: 5.3314, logits_loss: 5.3314, aux_loss: 0.0000, lr: 0.00049989, epoch_time: 410.0min
Epoch:[1/1](6260/635119), loss: 5.5544, logits_loss: 5.5544, aux_loss: 0.0000, lr: 0.00049989, epoch_time: 410.0min
Epoch:[1/1](6280/635119), loss: 4.6106, logits_loss: 4.6106, aux_loss: 0.0000, lr: 0.00049989, epoch_time: 409.0min
Epoch:[1/1](6300/635119), loss: 4.0872, logits_loss: 4.0872, aux_loss: 0.0000, lr: 0.00049989, epoch_time: 409.0min
Epoch:[1/1](6320/635119), loss: 4.1301, logits_loss: 4.1301, aux_loss: 0.0000, lr: 0.00049989, epoch_time: 409.0min
Epoch:[1/1](6340/635119), loss: 4.8671, logits_loss: 4.8671, aux_loss: 0.0000, lr: 0.00049989, epoch_time: 409.0min
Epoch:[1/1](6360/635119), loss: 5.5153, logits_loss: 5.5153, aux_loss: 0.0000, lr: 0.00049989, epoch_time: 409.0min
Epoch:[1/1](6380/635119), loss: 4.6184, logits_loss: 4.6184, aux_loss: 0.0000, lr: 0.00049989, epoch_time: 409.0min
Epoch:[1/1](6400/635119), loss: 4.9679, logits_loss: 4.9679, aux_loss: 0.0000, lr: 0.00049989, epoch_time: 409.0min
Epoch:[1/1](6420/635119), loss: 4.0323, logits_loss: 4.0323, aux_loss: 0.0000, lr: 0.00049989, epoch_time: 410.0min
Epoch:[1/1](6440/635119), loss: 4.8014, logits_loss: 4.8014, aux_loss: 0.0000, lr: 0.00049989, epoch_time: 410.0min
Epoch:[1/1](6460/635119), loss: 4.7471, logits_loss: 4.7471, aux_loss: 0.0000, lr: 0.00049989, epoch_time: 410.0min
Epoch:[1/1](6480/635119), loss: 4.4623, logits_loss: 4.4623, aux_loss: 0.0000, lr: 0.00049988, epoch_time: 410.0min
Epoch:[1/1](6500/635119), loss: 5.5020, logits_loss: 5.5020, aux_loss: 0.0000, lr: 0.00049988, epoch_time: 410.0min
Epoch:[1/1](6520/635119), loss: 5.0007, logits_loss: 5.0007, aux_loss: 0.0000, lr: 0.00049988, epoch_time: 410.0min
Epoch:[1/1](6540/635119), loss: 5.0933, logits_loss: 5.0933, aux_loss: 0.0000, lr: 0.00049988, epoch_time: 410.0min
Epoch:[1/1](6560/635119), loss: 5.3821, logits_loss: 5.3821, aux_loss: 0.0000, lr: 0.00049988, epoch_time: 410.0min
Epoch:[1/1](6580/635119), loss: 4.9028, logits_loss: 4.9028, aux_loss: 0.0000, lr: 0.00049988, epoch_time: 410.0min
Epoch:[1/1](6600/635119), loss: 4.4058, logits_loss: 4.4058, aux_loss: 0.0000, lr: 0.00049988, epoch_time: 410.0min
Epoch:[1/1](6620/635119), loss: 4.1197, logits_loss: 4.1197, aux_loss: 0.0000, lr: 0.00049988, epoch_time: 411.0min
Epoch:[1/1](6640/635119), loss: 4.5778, logits_loss: 4.5778, aux_loss: 0.0000, lr: 0.00049988, epoch_time: 411.0min
Epoch:[1/1](6660/635119), loss: 4.7913, logits_loss: 4.7913, aux_loss: 0.0000, lr: 0.00049988, epoch_time: 411.0min
Epoch:[1/1](6680/635119), loss: 5.5583, logits_loss: 5.5583, aux_loss: 0.0000, lr: 0.00049988, epoch_time: 411.0min
Epoch:[1/1](6700/635119), loss: 4.5687, logits_loss: 4.5687, aux_loss: 0.0000, lr: 0.00049988, epoch_time: 411.0min
Epoch:[1/1](6720/635119), loss: 5.1654, logits_loss: 5.1654, aux_loss: 0.0000, lr: 0.00049988, epoch_time: 411.0min
Epoch:[1/1](6740/635119), loss: 3.8760, logits_loss: 3.8760, aux_loss: 0.0000, lr: 0.00049987, epoch_time: 411.0min
Epoch:[1/1](6760/635119), loss: 4.2659, logits_loss: 4.2659, aux_loss: 0.0000, lr: 0.00049987, epoch_time: 410.0min
Epoch:[1/1](6780/635119), loss: 5.4186, logits_loss: 5.4186, aux_loss: 0.0000, lr: 0.00049987, epoch_time: 410.0min
Epoch:[1/1](6800/635119), loss: 5.0617, logits_loss: 5.0617, aux_loss: 0.0000, lr: 0.00049987, epoch_time: 410.0min
Epoch:[1/1](6820/635119), loss: 5.5372, logits_loss: 5.5372, aux_loss: 0.0000, lr: 0.00049987, epoch_time: 411.0min
Epoch:[1/1](6840/635119), loss: 3.8991, logits_loss: 3.8991, aux_loss: 0.0000, lr: 0.00049987, epoch_time: 411.0min
Epoch:[1/1](6860/635119), loss: 4.6542, logits_loss: 4.6542, aux_loss: 0.0000, lr: 0.00049987, epoch_time: 411.0min
Epoch:[1/1](6880/635119), loss: 4.7982, logits_loss: 4.7982, aux_loss: 0.0000, lr: 0.00049987, epoch_time: 411.0min
Epoch:[1/1](6900/635119), loss: 4.6707, logits_loss: 4.6707, aux_loss: 0.0000, lr: 0.00049987, epoch_time: 411.0min
Epoch:[1/1](6920/635119), loss: 4.5835, logits_loss: 4.5835, aux_loss: 0.0000, lr: 0.00049987, epoch_time: 411.0min
Epoch:[1/1](6940/635119), loss: 5.4088, logits_loss: 5.4088, aux_loss: 0.0000, lr: 0.00049987, epoch_time: 411.0min
Epoch:[1/1](6960/635119), loss: 4.0665, logits_loss: 4.0665, aux_loss: 0.0000, lr: 0.00049987, epoch_time: 411.0min
Epoch:[1/1](6980/635119), loss: 4.6844, logits_loss: 4.6844, aux_loss: 0.0000, lr: 0.00049987, epoch_time: 411.0min
Epoch:[1/1](7000/635119), loss: 4.9539, logits_loss: 4.9539, aux_loss: 0.0000, lr: 0.00049987, epoch_time: 411.0min
Epoch:[1/1](7020/635119), loss: 6.1893, logits_loss: 6.1893, aux_loss: 0.0000, lr: 0.00049986, epoch_time: 413.0min
Epoch:[1/1](7040/635119), loss: 5.0039, logits_loss: 5.0039, aux_loss: 0.0000, lr: 0.00049986, epoch_time: 413.0min
Epoch:[1/1](7060/635119), loss: 4.6735, logits_loss: 4.6735, aux_loss: 0.0000, lr: 0.00049986, epoch_time: 413.0min
Epoch:[1/1](7080/635119), loss: 5.2222, logits_loss: 5.2222, aux_loss: 0.0000, lr: 0.00049986, epoch_time: 412.0min
Epoch:[1/1](7100/635119), loss: 4.3872, logits_loss: 4.3872, aux_loss: 0.0000, lr: 0.00049986, epoch_time: 412.0min
Epoch:[1/1](7120/635119), loss: 4.6528, logits_loss: 4.6528, aux_loss: 0.0000, lr: 0.00049986, epoch_time: 412.0min
Epoch:[1/1](7140/635119), loss: 4.1626, logits_loss: 4.1626, aux_loss: 0.0000, lr: 0.00049986, epoch_time: 412.0min
Epoch:[1/1](7160/635119), loss: 4.5061, logits_loss: 4.5061, aux_loss: 0.0000, lr: 0.00049986, epoch_time: 412.0min
Epoch:[1/1](7180/635119), loss: 5.2130, logits_loss: 5.2130, aux_loss: 0.0000, lr: 0.00049986, epoch_time: 411.0min
Epoch:[1/1](7200/635119), loss: 4.8321, logits_loss: 4.8321, aux_loss: 0.0000, lr: 0.00049986, epoch_time: 411.0min
Epoch:[1/1](7220/635119), loss: 4.3730, logits_loss: 4.3730, aux_loss: 0.0000, lr: 0.00049986, epoch_time: 412.0min
Epoch:[1/1](7240/635119), loss: 4.6568, logits_loss: 4.6568, aux_loss: 0.0000, lr: 0.00049986, epoch_time: 412.0min
Epoch:[1/1](7260/635119), loss: 4.1339, logits_loss: 4.1339, aux_loss: 0.0000, lr: 0.00049985, epoch_time: 412.0min
Epoch:[1/1](7280/635119), loss: 4.7968, logits_loss: 4.7968, aux_loss: 0.0000, lr: 0.00049985, epoch_time: 412.0min
Epoch:[1/1](7300/635119), loss: 4.8438, logits_loss: 4.8438, aux_loss: 0.0000, lr: 0.00049985, epoch_time: 412.0min
Epoch:[1/1](7320/635119), loss: 4.7151, logits_loss: 4.7151, aux_loss: 0.0000, lr: 0.00049985, epoch_time: 411.0min
Epoch:[1/1](7340/635119), loss: 3.8126, logits_loss: 3.8126, aux_loss: 0.0000, lr: 0.00049985, epoch_time: 411.0min
Epoch:[1/1](7360/635119), loss: 4.6882, logits_loss: 4.6882, aux_loss: 0.0000, lr: 0.00049985, epoch_time: 411.0min
Epoch:[1/1](7380/635119), loss: 5.8148, logits_loss: 5.8148, aux_loss: 0.0000, lr: 0.00049985, epoch_time: 411.0min
Epoch:[1/1](7400/635119), loss: 4.4210, logits_loss: 4.4210, aux_loss: 0.0000, lr: 0.00049985, epoch_time: 411.0min
Epoch:[1/1](7420/635119), loss: 4.8631, logits_loss: 4.8631, aux_loss: 0.0000, lr: 0.00049985, epoch_time: 411.0min
Epoch:[1/1](7440/635119), loss: 4.8428, logits_loss: 4.8428, aux_loss: 0.0000, lr: 0.00049985, epoch_time: 411.0min
Epoch:[1/1](7460/635119), loss: 4.2822, logits_loss: 4.2822, aux_loss: 0.0000, lr: 0.00049985, epoch_time: 411.0min
Epoch:[1/1](7480/635119), loss: 5.2467, logits_loss: 5.2467, aux_loss: 0.0000, lr: 0.00049985, epoch_time: 411.0min
Epoch:[1/1](7500/635119), loss: 5.9903, logits_loss: 5.9903, aux_loss: 0.0000, lr: 0.00049985, epoch_time: 411.0min
Epoch:[1/1](7520/635119), loss: 4.3088, logits_loss: 4.3088, aux_loss: 0.0000, lr: 0.00049984, epoch_time: 411.0min
Epoch:[1/1](7540/635119), loss: 4.4226, logits_loss: 4.4226, aux_loss: 0.0000, lr: 0.00049984, epoch_time: 410.0min
Epoch:[1/1](7560/635119), loss: 4.4678, logits_loss: 4.4678, aux_loss: 0.0000, lr: 0.00049984, epoch_time: 410.0min
Epoch:[1/1](7580/635119), loss: 5.1104, logits_loss: 5.1104, aux_loss: 0.0000, lr: 0.00049984, epoch_time: 410.0min
Epoch:[1/1](7600/635119), loss: 4.3721, logits_loss: 4.3721, aux_loss: 0.0000, lr: 0.00049984, epoch_time: 410.0min
Epoch:[1/1](7620/635119), loss: 4.8815, logits_loss: 4.8815, aux_loss: 0.0000, lr: 0.00049984, epoch_time: 411.0min
Epoch:[1/1](7640/635119), loss: 4.0762, logits_loss: 4.0762, aux_loss: 0.0000, lr: 0.00049984, epoch_time: 411.0min
Epoch:[1/1](7660/635119), loss: 4.3991, logits_loss: 4.3991, aux_loss: 0.0000, lr: 0.00049984, epoch_time: 411.0min
Epoch:[1/1](7680/635119), loss: 4.4763, logits_loss: 4.4763, aux_loss: 0.0000, lr: 0.00049984, epoch_time: 411.0min
Epoch:[1/1](7700/635119), loss: 4.4454, logits_loss: 4.4454, aux_loss: 0.0000, lr: 0.00049984, epoch_time: 411.0min
Epoch:[1/1](7720/635119), loss: 4.2621, logits_loss: 4.2621, aux_loss: 0.0000, lr: 0.00049984, epoch_time: 411.0min
Epoch:[1/1](7740/635119), loss: 4.0123, logits_loss: 4.0123, aux_loss: 0.0000, lr: 0.00049984, epoch_time: 411.0min
Epoch:[1/1](7760/635119), loss: 5.5859, logits_loss: 5.5859, aux_loss: 0.0000, lr: 0.00049983, epoch_time: 411.0min
Epoch:[1/1](7780/635119), loss: 4.7233, logits_loss: 4.7233, aux_loss: 0.0000, lr: 0.00049983, epoch_time: 411.0min
Epoch:[1/1](7800/635119), loss: 5.3351, logits_loss: 5.3351, aux_loss: 0.0000, lr: 0.00049983, epoch_time: 410.0min
Epoch:[1/1](7820/635119), loss: 4.1459, logits_loss: 4.1459, aux_loss: 0.0000, lr: 0.00049983, epoch_time: 411.0min
Epoch:[1/1](7840/635119), loss: 5.3200, logits_loss: 5.3200, aux_loss: 0.0000, lr: 0.00049983, epoch_time: 411.0min
Epoch:[1/1](7860/635119), loss: 4.0604, logits_loss: 4.0604, aux_loss: 0.0000, lr: 0.00049983, epoch_time: 410.0min
Epoch:[1/1](7880/635119), loss: 5.7126, logits_loss: 5.7126, aux_loss: 0.0000, lr: 0.00049983, epoch_time: 410.0min
Epoch:[1/1](7900/635119), loss: 4.6890, logits_loss: 4.6890, aux_loss: 0.0000, lr: 0.00049983, epoch_time: 410.0min
Epoch:[1/1](7920/635119), loss: 3.9151, logits_loss: 3.9151, aux_loss: 0.0000, lr: 0.00049983, epoch_time: 409.0min
Epoch:[1/1](7940/635119), loss: 3.9870, logits_loss: 3.9870, aux_loss: 0.0000, lr: 0.00049983, epoch_time: 409.0min
Epoch:[1/1](7960/635119), loss: 5.3172, logits_loss: 5.3172, aux_loss: 0.0000, lr: 0.00049983, epoch_time: 409.0min
Epoch:[1/1](7980/635119), loss: 4.3875, logits_loss: 4.3875, aux_loss: 0.0000, lr: 0.00049982, epoch_time: 409.0min
Epoch:[1/1](8000/635119), loss: 4.2909, logits_loss: 4.2909, aux_loss: 0.0000, lr: 0.00049982, epoch_time: 408.0min
Epoch:[1/1](8020/635119), loss: 3.1379, logits_loss: 3.1379, aux_loss: 0.0000, lr: 0.00049982, epoch_time: 409.0min
Epoch:[1/1](8040/635119), loss: 4.7169, logits_loss: 4.7169, aux_loss: 0.0000, lr: 0.00049982, epoch_time: 409.0min
Epoch:[1/1](8060/635119), loss: 4.6089, logits_loss: 4.6089, aux_loss: 0.0000, lr: 0.00049982, epoch_time: 409.0min
Epoch:[1/1](8080/635119), loss: 4.6686, logits_loss: 4.6686, aux_loss: 0.0000, lr: 0.00049982, epoch_time: 408.0min
Epoch:[1/1](8100/635119), loss: 4.8641, logits_loss: 4.8641, aux_loss: 0.0000, lr: 0.00049982, epoch_time: 408.0min
Epoch:[1/1](8120/635119), loss: 4.5273, logits_loss: 4.5273, aux_loss: 0.0000, lr: 0.00049982, epoch_time: 408.0min
Epoch:[1/1](8140/635119), loss: 4.2619, logits_loss: 4.2619, aux_loss: 0.0000, lr: 0.00049982, epoch_time: 408.0min
Epoch:[1/1](8160/635119), loss: 3.9721, logits_loss: 3.9721, aux_loss: 0.0000, lr: 0.00049982, epoch_time: 408.0min
Epoch:[1/1](8180/635119), loss: 4.0973, logits_loss: 4.0973, aux_loss: 0.0000, lr: 0.00049982, epoch_time: 408.0min
Epoch:[1/1](8200/635119), loss: 4.1291, logits_loss: 4.1291, aux_loss: 0.0000, lr: 0.00049981, epoch_time: 408.0min
Epoch:[1/1](8220/635119), loss: 4.2220, logits_loss: 4.2220, aux_loss: 0.0000, lr: 0.00049981, epoch_time: 409.0min
Epoch:[1/1](8240/635119), loss: 4.0237, logits_loss: 4.0237, aux_loss: 0.0000, lr: 0.00049981, epoch_time: 409.0min
Epoch:[1/1](8260/635119), loss: 4.6147, logits_loss: 4.6147, aux_loss: 0.0000, lr: 0.00049981, epoch_time: 409.0min
Epoch:[1/1](8280/635119), loss: 4.9159, logits_loss: 4.9159, aux_loss: 0.0000, lr: 0.00049981, epoch_time: 409.0min
Epoch:[1/1](8300/635119), loss: 4.7588, logits_loss: 4.7588, aux_loss: 0.0000, lr: 0.00049981, epoch_time: 409.0min
Epoch:[1/1](8320/635119), loss: 5.1289, logits_loss: 5.1289, aux_loss: 0.0000, lr: 0.00049981, epoch_time: 409.0min
Epoch:[1/1](8340/635119), loss: 3.6551, logits_loss: 3.6551, aux_loss: 0.0000, lr: 0.00049981, epoch_time: 409.0min
Epoch:[1/1](8360/635119), loss: 4.2949, logits_loss: 4.2949, aux_loss: 0.0000, lr: 0.00049981, epoch_time: 409.0min
Epoch:[1/1](8380/635119), loss: 5.3828, logits_loss: 5.3828, aux_loss: 0.0000, lr: 0.00049981, epoch_time: 409.0min
Epoch:[1/1](8400/635119), loss: 4.8551, logits_loss: 4.8551, aux_loss: 0.0000, lr: 0.00049981, epoch_time: 408.0min
Epoch:[1/1](8420/635119), loss: 4.9531, logits_loss: 4.9531, aux_loss: 0.0000, lr: 0.00049980, epoch_time: 411.0min
Epoch:[1/1](8440/635119), loss: 5.9587, logits_loss: 5.9587, aux_loss: 0.0000, lr: 0.00049980, epoch_time: 410.0min
Epoch:[1/1](8460/635119), loss: 5.2902, logits_loss: 5.2902, aux_loss: 0.0000, lr: 0.00049980, epoch_time: 410.0min
Epoch:[1/1](8480/635119), loss: 4.1733, logits_loss: 4.1733, aux_loss: 0.0000, lr: 0.00049980, epoch_time: 410.0min
Epoch:[1/1](8500/635119), loss: 4.3843, logits_loss: 4.3843, aux_loss: 0.0000, lr: 0.00049980, epoch_time: 410.0min
Epoch:[1/1](8520/635119), loss: 5.7092, logits_loss: 5.7092, aux_loss: 0.0000, lr: 0.00049980, epoch_time: 410.0min
Epoch:[1/1](8540/635119), loss: 4.7760, logits_loss: 4.7760, aux_loss: 0.0000, lr: 0.00049980, epoch_time: 410.0min
Epoch:[1/1](8560/635119), loss: 4.2307, logits_loss: 4.2307, aux_loss: 0.0000, lr: 0.00049980, epoch_time: 409.0min
Epoch:[1/1](8580/635119), loss: 3.8379, logits_loss: 3.8379, aux_loss: 0.0000, lr: 0.00049980, epoch_time: 409.0min
Epoch:[1/1](8600/635119), loss: 4.2735, logits_loss: 4.2735, aux_loss: 0.0000, lr: 0.00049980, epoch_time: 409.0min
Epoch:[1/1](8620/635119), loss: 3.3800, logits_loss: 3.3800, aux_loss: 0.0000, lr: 0.00049980, epoch_time: 410.0min
Epoch:[1/1](8640/635119), loss: 5.1463, logits_loss: 5.1463, aux_loss: 0.0000, lr: 0.00049979, epoch_time: 410.0min
Epoch:[1/1](8660/635119), loss: 4.4979, logits_loss: 4.4979, aux_loss: 0.0000, lr: 0.00049979, epoch_time: 410.0min
Epoch:[1/1](8680/635119), loss: 6.3175, logits_loss: 6.3175, aux_loss: 0.0000, lr: 0.00049979, epoch_time: 409.0min
Epoch:[1/1](8700/635119), loss: 4.8037, logits_loss: 4.8037, aux_loss: 0.0000, lr: 0.00049979, epoch_time: 409.0min
Epoch:[1/1](8720/635119), loss: 3.4122, logits_loss: 3.4122, aux_loss: 0.0000, lr: 0.00049979, epoch_time: 409.0min
Epoch:[1/1](8740/635119), loss: 3.6113, logits_loss: 3.6113, aux_loss: 0.0000, lr: 0.00049979, epoch_time: 409.0min
Epoch:[1/1](8760/635119), loss: 4.1280, logits_loss: 4.1280, aux_loss: 0.0000, lr: 0.00049979, epoch_time: 409.0min
Epoch:[1/1](8780/635119), loss: 4.8004, logits_loss: 4.8004, aux_loss: 0.0000, lr: 0.00049979, epoch_time: 408.0min
Epoch:[1/1](8800/635119), loss: 4.3160, logits_loss: 4.3160, aux_loss: 0.0000, lr: 0.00049979, epoch_time: 408.0min
Epoch:[1/1](8820/635119), loss: 5.0648, logits_loss: 5.0648, aux_loss: 0.0000, lr: 0.00049979, epoch_time: 409.0min
Epoch:[1/1](8840/635119), loss: 4.8855, logits_loss: 4.8855, aux_loss: 0.0000, lr: 0.00049978, epoch_time: 408.0min
Epoch:[1/1](8860/635119), loss: 4.9091, logits_loss: 4.9091, aux_loss: 0.0000, lr: 0.00049978, epoch_time: 408.0min
Epoch:[1/1](8880/635119), loss: 4.1527, logits_loss: 4.1527, aux_loss: 0.0000, lr: 0.00049978, epoch_time: 408.0min
Epoch:[1/1](8900/635119), loss: 4.5568, logits_loss: 4.5568, aux_loss: 0.0000, lr: 0.00049978, epoch_time: 407.0min
Epoch:[1/1](8920/635119), loss: 4.7496, logits_loss: 4.7496, aux_loss: 0.0000, lr: 0.00049978, epoch_time: 407.0min
Epoch:[1/1](8940/635119), loss: 4.7262, logits_loss: 4.7262, aux_loss: 0.0000, lr: 0.00049978, epoch_time: 407.0min
Epoch:[1/1](8960/635119), loss: 5.5876, logits_loss: 5.5876, aux_loss: 0.0000, lr: 0.00049978, epoch_time: 407.0min
Epoch:[1/1](8980/635119), loss: 3.4099, logits_loss: 3.4099, aux_loss: 0.0000, lr: 0.00049978, epoch_time: 407.0min
Epoch:[1/1](9000/635119), loss: 3.3070, logits_loss: 3.3070, aux_loss: 0.0000, lr: 0.00049978, epoch_time: 406.0min
Epoch:[1/1](9020/635119), loss: 4.1985, logits_loss: 4.1985, aux_loss: 0.0000, lr: 0.00049978, epoch_time: 407.0min
Epoch:[1/1](9040/635119), loss: 3.7358, logits_loss: 3.7358, aux_loss: 0.0000, lr: 0.00049978, epoch_time: 407.0min
Epoch:[1/1](9060/635119), loss: 4.7868, logits_loss: 4.7868, aux_loss: 0.0000, lr: 0.00049977, epoch_time: 407.0min
Epoch:[1/1](9080/635119), loss: 4.4683, logits_loss: 4.4683, aux_loss: 0.0000, lr: 0.00049977, epoch_time: 407.0min
Epoch:[1/1](9100/635119), loss: 4.9684, logits_loss: 4.9684, aux_loss: 0.0000, lr: 0.00049977, epoch_time: 407.0min
Epoch:[1/1](9120/635119), loss: 4.7072, logits_loss: 4.7072, aux_loss: 0.0000, lr: 0.00049977, epoch_time: 406.0min
Epoch:[1/1](9140/635119), loss: 4.8298, logits_loss: 4.8298, aux_loss: 0.0000, lr: 0.00049977, epoch_time: 406.0min
Epoch:[1/1](9160/635119), loss: 4.4714, logits_loss: 4.4714, aux_loss: 0.0000, lr: 0.00049977, epoch_time: 406.0min
Epoch:[1/1](9180/635119), loss: 4.4595, logits_loss: 4.4595, aux_loss: 0.0000, lr: 0.00049977, epoch_time: 406.0min
Epoch:[1/1](9200/635119), loss: 5.0465, logits_loss: 5.0465, aux_loss: 0.0000, lr: 0.00049977, epoch_time: 406.0min
Epoch:[1/1](9220/635119), loss: 3.1811, logits_loss: 3.1811, aux_loss: 0.0000, lr: 0.00049977, epoch_time: 407.0min
Epoch:[1/1](9240/635119), loss: 5.1666, logits_loss: 5.1666, aux_loss: 0.0000, lr: 0.00049977, epoch_time: 407.0min
Epoch:[1/1](9260/635119), loss: 4.1175, logits_loss: 4.1175, aux_loss: 0.0000, lr: 0.00049976, epoch_time: 406.0min
Epoch:[1/1](9280/635119), loss: 3.6506, logits_loss: 3.6506, aux_loss: 0.0000, lr: 0.00049976, epoch_time: 406.0min
Epoch:[1/1](9300/635119), loss: 4.9846, logits_loss: 4.9846, aux_loss: 0.0000, lr: 0.00049976, epoch_time: 406.0min
Epoch:[1/1](9320/635119), loss: 4.7876, logits_loss: 4.7876, aux_loss: 0.0000, lr: 0.00049976, epoch_time: 406.0min
Epoch:[1/1](9340/635119), loss: 5.1564, logits_loss: 5.1564, aux_loss: 0.0000, lr: 0.00049976, epoch_time: 406.0min
Epoch:[1/1](9360/635119), loss: 3.4809, logits_loss: 3.4809, aux_loss: 0.0000, lr: 0.00049976, epoch_time: 406.0min
Epoch:[1/1](9380/635119), loss: 5.4319, logits_loss: 5.4319, aux_loss: 0.0000, lr: 0.00049976, epoch_time: 406.0min
Epoch:[1/1](9400/635119), loss: 4.7133, logits_loss: 4.7133, aux_loss: 0.0000, lr: 0.00049976, epoch_time: 405.0min
Epoch:[1/1](9420/635119), loss: 4.8347, logits_loss: 4.8347, aux_loss: 0.0000, lr: 0.00049976, epoch_time: 406.0min
Epoch:[1/1](9440/635119), loss: 4.4603, logits_loss: 4.4603, aux_loss: 0.0000, lr: 0.00049975, epoch_time: 406.0min
Epoch:[1/1](9460/635119), loss: 5.3081, logits_loss: 5.3081, aux_loss: 0.0000, lr: 0.00049975, epoch_time: 406.0min
Epoch:[1/1](9480/635119), loss: 4.1164, logits_loss: 4.1164, aux_loss: 0.0000, lr: 0.00049975, epoch_time: 406.0min
Epoch:[1/1](9500/635119), loss: 4.7092, logits_loss: 4.7092, aux_loss: 0.0000, lr: 0.00049975, epoch_time: 406.0min
Epoch:[1/1](9520/635119), loss: 4.2468, logits_loss: 4.2468, aux_loss: 0.0000, lr: 0.00049975, epoch_time: 406.0min
Epoch:[1/1](9540/635119), loss: 3.9696, logits_loss: 3.9696, aux_loss: 0.0000, lr: 0.00049975, epoch_time: 406.0min
Epoch:[1/1](9560/635119), loss: 5.2279, logits_loss: 5.2279, aux_loss: 0.0000, lr: 0.00049975, epoch_time: 406.0min
Epoch:[1/1](9580/635119), loss: 4.3162, logits_loss: 4.3162, aux_loss: 0.0000, lr: 0.00049975, epoch_time: 406.0min
Epoch:[1/1](9600/635119), loss: 5.9286, logits_loss: 5.9286, aux_loss: 0.0000, lr: 0.00049975, epoch_time: 406.0min
Epoch:[1/1](9620/635119), loss: 5.0499, logits_loss: 5.0499, aux_loss: 0.0000, lr: 0.00049975, epoch_time: 407.0min
Epoch:[1/1](9640/635119), loss: 3.7792, logits_loss: 3.7792, aux_loss: 0.0000, lr: 0.00049974, epoch_time: 407.0min
Epoch:[1/1](9660/635119), loss: 3.6922, logits_loss: 3.6922, aux_loss: 0.0000, lr: 0.00049974, epoch_time: 406.0min
Epoch:[1/1](9680/635119), loss: 4.6244, logits_loss: 4.6244, aux_loss: 0.0000, lr: 0.00049974, epoch_time: 406.0min
Epoch:[1/1](9700/635119), loss: 4.5590, logits_loss: 4.5590, aux_loss: 0.0000, lr: 0.00049974, epoch_time: 406.0min
Epoch:[1/1](9720/635119), loss: 3.9578, logits_loss: 3.9578, aux_loss: 0.0000, lr: 0.00049974, epoch_time: 406.0min
Epoch:[1/1](9740/635119), loss: 5.0817, logits_loss: 5.0817, aux_loss: 0.0000, lr: 0.00049974, epoch_time: 406.0min
Epoch:[1/1](9760/635119), loss: 4.3872, logits_loss: 4.3872, aux_loss: 0.0000, lr: 0.00049974, epoch_time: 406.0min
Epoch:[1/1](9780/635119), loss: 4.4513, logits_loss: 4.4513, aux_loss: 0.0000, lr: 0.00049974, epoch_time: 406.0min
Epoch:[1/1](9800/635119), loss: 3.7677, logits_loss: 3.7677, aux_loss: 0.0000, lr: 0.00049974, epoch_time: 406.0min
Epoch:[1/1](9820/635119), loss: 4.5238, logits_loss: 4.5238, aux_loss: 0.0000, lr: 0.00049973, epoch_time: 406.0min
Epoch:[1/1](9840/635119), loss: 3.8191, logits_loss: 3.8191, aux_loss: 0.0000, lr: 0.00049973, epoch_time: 406.0min
Epoch:[1/1](9860/635119), loss: 4.6945, logits_loss: 4.6945, aux_loss: 0.0000, lr: 0.00049973, epoch_time: 406.0min
Epoch:[1/1](9880/635119), loss: 5.1218, logits_loss: 5.1218, aux_loss: 0.0000, lr: 0.00049973, epoch_time: 406.0min
Epoch:[1/1](9900/635119), loss: 4.0318, logits_loss: 4.0318, aux_loss: 0.0000, lr: 0.00049973, epoch_time: 406.0min
Epoch:[1/1](9920/635119), loss: 4.2062, logits_loss: 4.2062, aux_loss: 0.0000, lr: 0.00049973, epoch_time: 406.0min
Epoch:[1/1](9940/635119), loss: 3.7177, logits_loss: 3.7177, aux_loss: 0.0000, lr: 0.00049973, epoch_time: 406.0min
Epoch:[1/1](9960/635119), loss: 4.6080, logits_loss: 4.6080, aux_loss: 0.0000, lr: 0.00049973, epoch_time: 406.0min
Epoch:[1/1](9980/635119), loss: 4.0013, logits_loss: 4.0013, aux_loss: 0.0000, lr: 0.00049973, epoch_time: 406.0min
Epoch:[1/1](10000/635119), loss: 3.6918, logits_loss: 3.6918, aux_loss: 0.0000, lr: 0.00049972, epoch_time: 406.0min
Epoch:[1/1](10020/635119), loss: 4.3177, logits_loss: 4.3177, aux_loss: 0.0000, lr: 0.00049972, epoch_time: 406.0min
Epoch:[1/1](10040/635119), loss: 4.2169, logits_loss: 4.2169, aux_loss: 0.0000, lr: 0.00049972, epoch_time: 406.0min
Epoch:[1/1](10060/635119), loss: 4.0930, logits_loss: 4.0930, aux_loss: 0.0000, lr: 0.00049972, epoch_time: 406.0min
Epoch:[1/1](10080/635119), loss: 3.6542, logits_loss: 3.6542, aux_loss: 0.0000, lr: 0.00049972, epoch_time: 406.0min
Epoch:[1/1](10100/635119), loss: 4.4829, logits_loss: 4.4829, aux_loss: 0.0000, lr: 0.00049972, epoch_time: 406.0min
Epoch:[1/1](10120/635119), loss: 3.4077, logits_loss: 3.4077, aux_loss: 0.0000, lr: 0.00049972, epoch_time: 406.0min
Epoch:[1/1](10140/635119), loss: 4.2118, logits_loss: 4.2118, aux_loss: 0.0000, lr: 0.00049972, epoch_time: 406.0min
Epoch:[1/1](10160/635119), loss: 4.6883, logits_loss: 4.6883, aux_loss: 0.0000, lr: 0.00049972, epoch_time: 406.0min
Epoch:[1/1](10180/635119), loss: 4.8862, logits_loss: 4.8862, aux_loss: 0.0000, lr: 0.00049971, epoch_time: 406.0min
Epoch:[1/1](10200/635119), loss: 4.0065, logits_loss: 4.0065, aux_loss: 0.0000, lr: 0.00049971, epoch_time: 406.0min
Epoch:[1/1](10220/635119), loss: 3.4393, logits_loss: 3.4393, aux_loss: 0.0000, lr: 0.00049971, epoch_time: 406.0min
Epoch:[1/1](10240/635119), loss: 5.2567, logits_loss: 5.2567, aux_loss: 0.0000, lr: 0.00049971, epoch_time: 406.0min
Epoch:[1/1](10260/635119), loss: 4.7074, logits_loss: 4.7074, aux_loss: 0.0000, lr: 0.00049971, epoch_time: 406.0min
Epoch:[1/1](10280/635119), loss: 4.3361, logits_loss: 4.3361, aux_loss: 0.0000, lr: 0.00049971, epoch_time: 406.0min
Epoch:[1/1](10300/635119), loss: 4.8815, logits_loss: 4.8815, aux_loss: 0.0000, lr: 0.00049971, epoch_time: 406.0min
Epoch:[1/1](10320/635119), loss: 4.0043, logits_loss: 4.0043, aux_loss: 0.0000, lr: 0.00049971, epoch_time: 406.0min
Epoch:[1/1](10340/635119), loss: 4.8206, logits_loss: 4.8206, aux_loss: 0.0000, lr: 0.00049971, epoch_time: 406.0min
Epoch:[1/1](10360/635119), loss: 4.4556, logits_loss: 4.4556, aux_loss: 0.0000, lr: 0.00049970, epoch_time: 405.0min
Epoch:[1/1](10380/635119), loss: 4.2100, logits_loss: 4.2100, aux_loss: 0.0000, lr: 0.00049970, epoch_time: 405.0min
Epoch:[1/1](10400/635119), loss: 4.8411, logits_loss: 4.8411, aux_loss: 0.0000, lr: 0.00049970, epoch_time: 405.0min
Epoch:[1/1](10420/635119), loss: 4.3261, logits_loss: 4.3261, aux_loss: 0.0000, lr: 0.00049970, epoch_time: 406.0min
Epoch:[1/1](10440/635119), loss: 4.3491, logits_loss: 4.3491, aux_loss: 0.0000, lr: 0.00049970, epoch_time: 406.0min
Epoch:[1/1](10460/635119), loss: 3.9499, logits_loss: 3.9499, aux_loss: 0.0000, lr: 0.00049970, epoch_time: 406.0min
Epoch:[1/1](10480/635119), loss: 4.6498, logits_loss: 4.6498, aux_loss: 0.0000, lr: 0.00049970, epoch_time: 406.0min
Epoch:[1/1](10500/635119), loss: 4.1422, logits_loss: 4.1422, aux_loss: 0.0000, lr: 0.00049970, epoch_time: 406.0min
Epoch:[1/1](10520/635119), loss: 4.2903, logits_loss: 4.2903, aux_loss: 0.0000, lr: 0.00049970, epoch_time: 406.0min
Epoch:[1/1](10540/635119), loss: 5.0739, logits_loss: 5.0739, aux_loss: 0.0000, lr: 0.00049969, epoch_time: 406.0min
Epoch:[1/1](10560/635119), loss: 5.6156, logits_loss: 5.6156, aux_loss: 0.0000, lr: 0.00049969, epoch_time: 406.0min
Epoch:[1/1](10580/635119), loss: 5.0000, logits_loss: 5.0000, aux_loss: 0.0000, lr: 0.00049969, epoch_time: 406.0min
Epoch:[1/1](10600/635119), loss: 5.2512, logits_loss: 5.2512, aux_loss: 0.0000, lr: 0.00049969, epoch_time: 406.0min
Epoch:[1/1](10620/635119), loss: 3.8400, logits_loss: 3.8400, aux_loss: 0.0000, lr: 0.00049969, epoch_time: 406.0min
Epoch:[1/1](10640/635119), loss: 3.5111, logits_loss: 3.5111, aux_loss: 0.0000, lr: 0.00049969, epoch_time: 406.0min
Epoch:[1/1](10660/635119), loss: 3.6276, logits_loss: 3.6276, aux_loss: 0.0000, lr: 0.00049969, epoch_time: 406.0min
Epoch:[1/1](10680/635119), loss: 4.2068, logits_loss: 4.2068, aux_loss: 0.0000, lr: 0.00049969, epoch_time: 406.0min
Epoch:[1/1](10700/635119), loss: 3.5910, logits_loss: 3.5910, aux_loss: 0.0000, lr: 0.00049968, epoch_time: 406.0min
Epoch:[1/1](10720/635119), loss: 4.6698, logits_loss: 4.6698, aux_loss: 0.0000, lr: 0.00049968, epoch_time: 406.0min
Epoch:[1/1](10740/635119), loss: 5.1797, logits_loss: 5.1797, aux_loss: 0.0000, lr: 0.00049968, epoch_time: 406.0min
Epoch:[1/1](10760/635119), loss: 3.0930, logits_loss: 3.0930, aux_loss: 0.0000, lr: 0.00049968, epoch_time: 406.0min
Epoch:[1/1](10780/635119), loss: 3.8945, logits_loss: 3.8945, aux_loss: 0.0000, lr: 0.00049968, epoch_time: 405.0min
Epoch:[1/1](10800/635119), loss: 3.7448, logits_loss: 3.7448, aux_loss: 0.0000, lr: 0.00049968, epoch_time: 405.0min
Epoch:[1/1](10820/635119), loss: 4.5566, logits_loss: 4.5566, aux_loss: 0.0000, lr: 0.00049968, epoch_time: 406.0min
Epoch:[1/1](10840/635119), loss: 4.0838, logits_loss: 4.0838, aux_loss: 0.0000, lr: 0.00049968, epoch_time: 406.0min
Epoch:[1/1](10860/635119), loss: 3.6373, logits_loss: 3.6373, aux_loss: 0.0000, lr: 0.00049968, epoch_time: 406.0min
Epoch:[1/1](10880/635119), loss: 3.6713, logits_loss: 3.6713, aux_loss: 0.0000, lr: 0.00049967, epoch_time: 405.0min
Epoch:[1/1](10900/635119), loss: 5.1991, logits_loss: 5.1991, aux_loss: 0.0000, lr: 0.00049967, epoch_time: 405.0min
Epoch:[1/1](10920/635119), loss: 4.4921, logits_loss: 4.4921, aux_loss: 0.0000, lr: 0.00049967, epoch_time: 405.0min
Epoch:[1/1](10940/635119), loss: 4.8076, logits_loss: 4.8076, aux_loss: 0.0000, lr: 0.00049967, epoch_time: 405.0min
Epoch:[1/1](10960/635119), loss: 4.8503, logits_loss: 4.8503, aux_loss: 0.0000, lr: 0.00049967, epoch_time: 405.0min
Epoch:[1/1](10980/635119), loss: 4.9261, logits_loss: 4.9261, aux_loss: 0.0000, lr: 0.00049967, epoch_time: 405.0min
Epoch:[1/1](11000/635119), loss: 4.9970, logits_loss: 4.9970, aux_loss: 0.0000, lr: 0.00049967, epoch_time: 404.0min
Epoch:[1/1](11020/635119), loss: 4.8934, logits_loss: 4.8934, aux_loss: 0.0000, lr: 0.00049967, epoch_time: 405.0min
Epoch:[1/1](11040/635119), loss: 3.7840, logits_loss: 3.7840, aux_loss: 0.0000, lr: 0.00049966, epoch_time: 405.0min
Epoch:[1/1](11060/635119), loss: 3.5533, logits_loss: 3.5533, aux_loss: 0.0000, lr: 0.00049966, epoch_time: 405.0min
Epoch:[1/1](11080/635119), loss: 4.7465, logits_loss: 4.7465, aux_loss: 0.0000, lr: 0.00049966, epoch_time: 405.0min
Epoch:[1/1](11100/635119), loss: 3.7712, logits_loss: 3.7712, aux_loss: 0.0000, lr: 0.00049966, epoch_time: 405.0min
Epoch:[1/1](11120/635119), loss: 4.0951, logits_loss: 4.0951, aux_loss: 0.0000, lr: 0.00049966, epoch_time: 404.0min
Epoch:[1/1](11140/635119), loss: 4.8247, logits_loss: 4.8247, aux_loss: 0.0000, lr: 0.00049966, epoch_time: 404.0min
Epoch:[1/1](11160/635119), loss: 3.9444, logits_loss: 3.9444, aux_loss: 0.0000, lr: 0.00049966, epoch_time: 404.0min
Epoch:[1/1](11180/635119), loss: 3.5938, logits_loss: 3.5938, aux_loss: 0.0000, lr: 0.00049966, epoch_time: 404.0min
Epoch:[1/1](11200/635119), loss: 4.0793, logits_loss: 4.0793, aux_loss: 0.0000, lr: 0.00049965, epoch_time: 404.0min
Epoch:[1/1](11220/635119), loss: 5.0376, logits_loss: 5.0376, aux_loss: 0.0000, lr: 0.00049965, epoch_time: 405.0min
Epoch:[1/1](11240/635119), loss: 4.9752, logits_loss: 4.9752, aux_loss: 0.0000, lr: 0.00049965, epoch_time: 405.0min
Epoch:[1/1](11260/635119), loss: 4.5541, logits_loss: 4.5541, aux_loss: 0.0000, lr: 0.00049965, epoch_time: 405.0min
Epoch:[1/1](11280/635119), loss: 3.7810, logits_loss: 3.7810, aux_loss: 0.0000, lr: 0.00049965, epoch_time: 405.0min
Epoch:[1/1](11300/635119), loss: 4.5617, logits_loss: 4.5617, aux_loss: 0.0000, lr: 0.00049965, epoch_time: 405.0min
Epoch:[1/1](11320/635119), loss: 4.9528, logits_loss: 4.9528, aux_loss: 0.0000, lr: 0.00049965, epoch_time: 405.0min
Epoch:[1/1](11340/635119), loss: 4.6089, logits_loss: 4.6089, aux_loss: 0.0000, lr: 0.00049965, epoch_time: 405.0min
Epoch:[1/1](11360/635119), loss: 3.7276, logits_loss: 3.7276, aux_loss: 0.0000, lr: 0.00049964, epoch_time: 404.0min
Epoch:[1/1](11380/635119), loss: 5.3002, logits_loss: 5.3002, aux_loss: 0.0000, lr: 0.00049964, epoch_time: 404.0min
Epoch:[1/1](11400/635119), loss: 4.8660, logits_loss: 4.8660, aux_loss: 0.0000, lr: 0.00049964, epoch_time: 404.0min
Epoch:[1/1](11420/635119), loss: 4.9227, logits_loss: 4.9227, aux_loss: 0.0000, lr: 0.00049964, epoch_time: 407.0min
Epoch:[1/1](11440/635119), loss: 5.8187, logits_loss: 5.8187, aux_loss: 0.0000, lr: 0.00049964, epoch_time: 407.0min
Epoch:[1/1](11460/635119), loss: 4.1769, logits_loss: 4.1769, aux_loss: 0.0000, lr: 0.00049964, epoch_time: 407.0min
Epoch:[1/1](11480/635119), loss: 4.2351, logits_loss: 4.2351, aux_loss: 0.0000, lr: 0.00049964, epoch_time: 407.0min
Epoch:[1/1](11500/635119), loss: 4.3848, logits_loss: 4.3848, aux_loss: 0.0000, lr: 0.00049964, epoch_time: 407.0min
Epoch:[1/1](11520/635119), loss: 3.8442, logits_loss: 3.8442, aux_loss: 0.0000, lr: 0.00049963, epoch_time: 406.0min
Epoch:[1/1](11540/635119), loss: 5.1776, logits_loss: 5.1776, aux_loss: 0.0000, lr: 0.00049963, epoch_time: 406.0min
Epoch:[1/1](11560/635119), loss: 5.2296, logits_loss: 5.2296, aux_loss: 0.0000, lr: 0.00049963, epoch_time: 406.0min
Epoch:[1/1](11580/635119), loss: 4.4174, logits_loss: 4.4174, aux_loss: 0.0000, lr: 0.00049963, epoch_time: 406.0min
Epoch:[1/1](11600/635119), loss: 5.3635, logits_loss: 5.3635, aux_loss: 0.0000, lr: 0.00049963, epoch_time: 406.0min
Epoch:[1/1](11620/635119), loss: 4.5230, logits_loss: 4.5230, aux_loss: 0.0000, lr: 0.00049963, epoch_time: 407.0min
Epoch:[1/1](11640/635119), loss: 3.7538, logits_loss: 3.7538, aux_loss: 0.0000, lr: 0.00049963, epoch_time: 407.0min
Epoch:[1/1](11660/635119), loss: 4.5762, logits_loss: 4.5762, aux_loss: 0.0000, lr: 0.00049963, epoch_time: 407.0min
Epoch:[1/1](11680/635119), loss: 4.1275, logits_loss: 4.1275, aux_loss: 0.0000, lr: 0.00049962, epoch_time: 407.0min
Epoch:[1/1](11700/635119), loss: 5.1559, logits_loss: 5.1559, aux_loss: 0.0000, lr: 0.00049962, epoch_time: 407.0min
Epoch:[1/1](11720/635119), loss: 3.8570, logits_loss: 3.8570, aux_loss: 0.0000, lr: 0.00049962, epoch_time: 407.0min
Epoch:[1/1](11740/635119), loss: 3.6880, logits_loss: 3.6880, aux_loss: 0.0000, lr: 0.00049962, epoch_time: 406.0min
Epoch:[1/1](11760/635119), loss: 4.2371, logits_loss: 4.2371, aux_loss: 0.0000, lr: 0.00049962, epoch_time: 406.0min
Epoch:[1/1](11780/635119), loss: 4.3765, logits_loss: 4.3765, aux_loss: 0.0000, lr: 0.00049962, epoch_time: 406.0min
Epoch:[1/1](11800/635119), loss: 3.8634, logits_loss: 3.8634, aux_loss: 0.0000, lr: 0.00049962, epoch_time: 406.0min
Epoch:[1/1](11820/635119), loss: 4.0468, logits_loss: 4.0468, aux_loss: 0.0000, lr: 0.00049962, epoch_time: 407.0min
Epoch:[1/1](11840/635119), loss: 4.2020, logits_loss: 4.2020, aux_loss: 0.0000, lr: 0.00049961, epoch_time: 407.0min
Epoch:[1/1](11860/635119), loss: 4.2028, logits_loss: 4.2028, aux_loss: 0.0000, lr: 0.00049961, epoch_time: 407.0min
Epoch:[1/1](11880/635119), loss: 4.4119, logits_loss: 4.4119, aux_loss: 0.0000, lr: 0.00049961, epoch_time: 407.0min
Epoch:[1/1](11900/635119), loss: 6.2184, logits_loss: 6.2184, aux_loss: 0.0000, lr: 0.00049961, epoch_time: 406.0min
Epoch:[1/1](11920/635119), loss: 3.4636, logits_loss: 3.4636, aux_loss: 0.0000, lr: 0.00049961, epoch_time: 406.0min
Epoch:[1/1](11940/635119), loss: 4.0935, logits_loss: 4.0935, aux_loss: 0.0000, lr: 0.00049961, epoch_time: 406.0min
Epoch:[1/1](11960/635119), loss: 3.5559, logits_loss: 3.5559, aux_loss: 0.0000, lr: 0.00049961, epoch_time: 406.0min
Epoch:[1/1](11980/635119), loss: 4.0612, logits_loss: 4.0612, aux_loss: 0.0000, lr: 0.00049961, epoch_time: 406.0min
Epoch:[1/1](12000/635119), loss: 3.8147, logits_loss: 3.8147, aux_loss: 0.0000, lr: 0.00049960, epoch_time: 406.0min
Epoch:[1/1](12020/635119), loss: 3.5675, logits_loss: 3.5675, aux_loss: 0.0000, lr: 0.00049960, epoch_time: 407.0min
Epoch:[1/1](12040/635119), loss: 4.7164, logits_loss: 4.7164, aux_loss: 0.0000, lr: 0.00049960, epoch_time: 407.0min
Epoch:[1/1](12060/635119), loss: 4.0331, logits_loss: 4.0331, aux_loss: 0.0000, lr: 0.00049960, epoch_time: 407.0min
Epoch:[1/1](12080/635119), loss: 5.1297, logits_loss: 5.1297, aux_loss: 0.0000, lr: 0.00049960, epoch_time: 407.0min
Epoch:[1/1](12100/635119), loss: 5.2296, logits_loss: 5.2296, aux_loss: 0.0000, lr: 0.00049960, epoch_time: 407.0min
Epoch:[1/1](12120/635119), loss: 4.9308, logits_loss: 4.9308, aux_loss: 0.0000, lr: 0.00049960, epoch_time: 407.0min
Epoch:[1/1](12140/635119), loss: 4.0706, logits_loss: 4.0706, aux_loss: 0.0000, lr: 0.00049959, epoch_time: 407.0min
Epoch:[1/1](12160/635119), loss: 2.7149, logits_loss: 2.7149, aux_loss: 0.0000, lr: 0.00049959, epoch_time: 407.0min
Epoch:[1/1](12180/635119), loss: 4.4580, logits_loss: 4.4580, aux_loss: 0.0000, lr: 0.00049959, epoch_time: 407.0min
Epoch:[1/1](12200/635119), loss: 4.6691, logits_loss: 4.6691, aux_loss: 0.0000, lr: 0.00049959, epoch_time: 408.0min
Epoch:[1/1](12220/635119), loss: 4.3436, logits_loss: 4.3436, aux_loss: 0.0000, lr: 0.00049959, epoch_time: 409.0min
Epoch:[1/1](12240/635119), loss: 4.8170, logits_loss: 4.8170, aux_loss: 0.0000, lr: 0.00049959, epoch_time: 409.0min
Epoch:[1/1](12260/635119), loss: 5.0423, logits_loss: 5.0423, aux_loss: 0.0000, lr: 0.00049959, epoch_time: 409.0min
Epoch:[1/1](12280/635119), loss: 3.9113, logits_loss: 3.9113, aux_loss: 0.0000, lr: 0.00049959, epoch_time: 409.0min
Epoch:[1/1](12300/635119), loss: 3.4642, logits_loss: 3.4642, aux_loss: 0.0000, lr: 0.00049958, epoch_time: 409.0min
Epoch:[1/1](12320/635119), loss: 3.4664, logits_loss: 3.4664, aux_loss: 0.0000, lr: 0.00049958, epoch_time: 409.0min
Epoch:[1/1](12340/635119), loss: 4.1104, logits_loss: 4.1104, aux_loss: 0.0000, lr: 0.00049958, epoch_time: 409.0min
Epoch:[1/1](12360/635119), loss: 4.9040, logits_loss: 4.9040, aux_loss: 0.0000, lr: 0.00049958, epoch_time: 409.0min
Epoch:[1/1](12380/635119), loss: 3.4728, logits_loss: 3.4728, aux_loss: 0.0000, lr: 0.00049958, epoch_time: 409.0min
Epoch:[1/1](12400/635119), loss: 4.4213, logits_loss: 4.4213, aux_loss: 0.0000, lr: 0.00049958, epoch_time: 409.0min
Epoch:[1/1](12420/635119), loss: 4.4555, logits_loss: 4.4555, aux_loss: 0.0000, lr: 0.00049958, epoch_time: 411.0min
Epoch:[1/1](12440/635119), loss: 4.5996, logits_loss: 4.5996, aux_loss: 0.0000, lr: 0.00049957, epoch_time: 411.0min
Epoch:[1/1](12460/635119), loss: 4.0405, logits_loss: 4.0405, aux_loss: 0.0000, lr: 0.00049957, epoch_time: 411.0min
Epoch:[1/1](12480/635119), loss: 3.9287, logits_loss: 3.9287, aux_loss: 0.0000, lr: 0.00049957, epoch_time: 411.0min
Epoch:[1/1](12500/635119), loss: 3.5367, logits_loss: 3.5367, aux_loss: 0.0000, lr: 0.00049957, epoch_time: 411.0min
Epoch:[1/1](12520/635119), loss: 4.3466, logits_loss: 4.3466, aux_loss: 0.0000, lr: 0.00049957, epoch_time: 410.0min
Epoch:[1/1](12540/635119), loss: 2.8765, logits_loss: 2.8765, aux_loss: 0.0000, lr: 0.00049957, epoch_time: 410.0min
Epoch:[1/1](12560/635119), loss: 4.7227, logits_loss: 4.7227, aux_loss: 0.0000, lr: 0.00049957, epoch_time: 410.0min
Epoch:[1/1](12580/635119), loss: 3.9648, logits_loss: 3.9648, aux_loss: 0.0000, lr: 0.00049956, epoch_time: 410.0min
Epoch:[1/1](12600/635119), loss: 4.1115, logits_loss: 4.1115, aux_loss: 0.0000, lr: 0.00049956, epoch_time: 410.0min
Epoch:[1/1](12620/635119), loss: 3.7994, logits_loss: 3.7994, aux_loss: 0.0000, lr: 0.00049956, epoch_time: 411.0min
Epoch:[1/1](12640/635119), loss: 5.0992, logits_loss: 5.0992, aux_loss: 0.0000, lr: 0.00049956, epoch_time: 411.0min
Epoch:[1/1](12660/635119), loss: 4.0288, logits_loss: 4.0288, aux_loss: 0.0000, lr: 0.00049956, epoch_time: 410.0min
Epoch:[1/1](12680/635119), loss: 4.2894, logits_loss: 4.2894, aux_loss: 0.0000, lr: 0.00049956, epoch_time: 410.0min
Epoch:[1/1](12700/635119), loss: 4.1370, logits_loss: 4.1370, aux_loss: 0.0000, lr: 0.00049956, epoch_time: 410.0min
Epoch:[1/1](12720/635119), loss: 4.3094, logits_loss: 4.3094, aux_loss: 0.0000, lr: 0.00049955, epoch_time: 410.0min
Epoch:[1/1](12740/635119), loss: 4.4881, logits_loss: 4.4881, aux_loss: 0.0000, lr: 0.00049955, epoch_time: 410.0min
Epoch:[1/1](12760/635119), loss: 3.6551, logits_loss: 3.6551, aux_loss: 0.0000, lr: 0.00049955, epoch_time: 410.0min
Epoch:[1/1](12780/635119), loss: 4.9409, logits_loss: 4.9409, aux_loss: 0.0000, lr: 0.00049955, epoch_time: 410.0min
Epoch:[1/1](12800/635119), loss: 4.2974, logits_loss: 4.2974, aux_loss: 0.0000, lr: 0.00049955, epoch_time: 410.0min
Epoch:[1/1](12820/635119), loss: 4.4747, logits_loss: 4.4747, aux_loss: 0.0000, lr: 0.00049955, epoch_time: 410.0min
Epoch:[1/1](12840/635119), loss: 2.8016, logits_loss: 2.8016, aux_loss: 0.0000, lr: 0.00049955, epoch_time: 410.0min
Epoch:[1/1](12860/635119), loss: 3.8469, logits_loss: 3.8469, aux_loss: 0.0000, lr: 0.00049954, epoch_time: 410.0min
Epoch:[1/1](12880/635119), loss: 4.5778, logits_loss: 4.5778, aux_loss: 0.0000, lr: 0.00049954, epoch_time: 410.0min
Epoch:[1/1](12900/635119), loss: 4.3251, logits_loss: 4.3251, aux_loss: 0.0000, lr: 0.00049954, epoch_time: 410.0min
Epoch:[1/1](12920/635119), loss: 3.9843, logits_loss: 3.9843, aux_loss: 0.0000, lr: 0.00049954, epoch_time: 410.0min
Epoch:[1/1](12940/635119), loss: 4.5028, logits_loss: 4.5028, aux_loss: 0.0000, lr: 0.00049954, epoch_time: 410.0min
Epoch:[1/1](12960/635119), loss: 3.9023, logits_loss: 3.9023, aux_loss: 0.0000, lr: 0.00049954, epoch_time: 410.0min
Epoch:[1/1](12980/635119), loss: 4.6445, logits_loss: 4.6445, aux_loss: 0.0000, lr: 0.00049954, epoch_time: 410.0min
Epoch:[1/1](13000/635119), loss: 4.1102, logits_loss: 4.1102, aux_loss: 0.0000, lr: 0.00049953, epoch_time: 410.0min
Epoch:[1/1](13020/635119), loss: 4.4654, logits_loss: 4.4654, aux_loss: 0.0000, lr: 0.00049953, epoch_time: 410.0min
Epoch:[1/1](13040/635119), loss: 4.1099, logits_loss: 4.1099, aux_loss: 0.0000, lr: 0.00049953, epoch_time: 410.0min
Epoch:[1/1](13060/635119), loss: 4.9145, logits_loss: 4.9145, aux_loss: 0.0000, lr: 0.00049953, epoch_time: 410.0min
Epoch:[1/1](13080/635119), loss: 2.9687, logits_loss: 2.9687, aux_loss: 0.0000, lr: 0.00049953, epoch_time: 410.0min
Epoch:[1/1](13100/635119), loss: 3.6523, logits_loss: 3.6523, aux_loss: 0.0000, lr: 0.00049953, epoch_time: 410.0min
Epoch:[1/1](13120/635119), loss: 3.5314, logits_loss: 3.5314, aux_loss: 0.0000, lr: 0.00049953, epoch_time: 410.0min
Epoch:[1/1](13140/635119), loss: 3.8355, logits_loss: 3.8355, aux_loss: 0.0000, lr: 0.00049952, epoch_time: 410.0min
Epoch:[1/1](13160/635119), loss: 4.9272, logits_loss: 4.9272, aux_loss: 0.0000, lr: 0.00049952, epoch_time: 410.0min
Epoch:[1/1](13180/635119), loss: 3.6395, logits_loss: 3.6395, aux_loss: 0.0000, lr: 0.00049952, epoch_time: 410.0min
Epoch:[1/1](13200/635119), loss: 4.8519, logits_loss: 4.8519, aux_loss: 0.0000, lr: 0.00049952, epoch_time: 410.0min
Epoch:[1/1](13220/635119), loss: 4.3438, logits_loss: 4.3438, aux_loss: 0.0000, lr: 0.00049952, epoch_time: 411.0min
Epoch:[1/1](13240/635119), loss: 3.6057, logits_loss: 3.6057, aux_loss: 0.0000, lr: 0.00049952, epoch_time: 411.0min
Epoch:[1/1](13260/635119), loss: 3.3698, logits_loss: 3.3698, aux_loss: 0.0000, lr: 0.00049952, epoch_time: 411.0min
Epoch:[1/1](13280/635119), loss: 4.4769, logits_loss: 4.4769, aux_loss: 0.0000, lr: 0.00049951, epoch_time: 411.0min
Epoch:[1/1](13300/635119), loss: 4.7840, logits_loss: 4.7840, aux_loss: 0.0000, lr: 0.00049951, epoch_time: 411.0min
Epoch:[1/1](13320/635119), loss: 4.8560, logits_loss: 4.8560, aux_loss: 0.0000, lr: 0.00049951, epoch_time: 411.0min
Epoch:[1/1](13340/635119), loss: 4.3243, logits_loss: 4.3243, aux_loss: 0.0000, lr: 0.00049951, epoch_time: 411.0min
Epoch:[1/1](13360/635119), loss: 3.3566, logits_loss: 3.3566, aux_loss: 0.0000, lr: 0.00049951, epoch_time: 411.0min
Epoch:[1/1](13380/635119), loss: 3.9034, logits_loss: 3.9034, aux_loss: 0.0000, lr: 0.00049951, epoch_time: 411.0min
Epoch:[1/1](13400/635119), loss: 5.4141, logits_loss: 5.4141, aux_loss: 0.0000, lr: 0.00049951, epoch_time: 410.0min
Epoch:[1/1](13420/635119), loss: 4.4250, logits_loss: 4.4250, aux_loss: 0.0000, lr: 0.00049950, epoch_time: 411.0min
Epoch:[1/1](13440/635119), loss: 3.7192, logits_loss: 3.7192, aux_loss: 0.0000, lr: 0.00049950, epoch_time: 411.0min
Epoch:[1/1](13460/635119), loss: 4.5519, logits_loss: 4.5519, aux_loss: 0.0000, lr: 0.00049950, epoch_time: 411.0min
Epoch:[1/1](13480/635119), loss: 4.5545, logits_loss: 4.5545, aux_loss: 0.0000, lr: 0.00049950, epoch_time: 411.0min
Epoch:[1/1](13500/635119), loss: 5.0117, logits_loss: 5.0117, aux_loss: 0.0000, lr: 0.00049950, epoch_time: 411.0min
Epoch:[1/1](13520/635119), loss: 4.6365, logits_loss: 4.6365, aux_loss: 0.0000, lr: 0.00049950, epoch_time: 410.0min
Epoch:[1/1](13540/635119), loss: 4.9108, logits_loss: 4.9108, aux_loss: 0.0000, lr: 0.00049950, epoch_time: 410.0min
Epoch:[1/1](13560/635119), loss: 4.1313, logits_loss: 4.1313, aux_loss: 0.0000, lr: 0.00049949, epoch_time: 410.0min
Epoch:[1/1](13580/635119), loss: 4.0541, logits_loss: 4.0541, aux_loss: 0.0000, lr: 0.00049949, epoch_time: 410.0min
Epoch:[1/1](13600/635119), loss: 4.4983, logits_loss: 4.4983, aux_loss: 0.0000, lr: 0.00049949, epoch_time: 410.0min
Epoch:[1/1](13620/635119), loss: 4.6455, logits_loss: 4.6455, aux_loss: 0.0000, lr: 0.00049949, epoch_time: 410.0min
Epoch:[1/1](13640/635119), loss: 4.1505, logits_loss: 4.1505, aux_loss: 0.0000, lr: 0.00049949, epoch_time: 410.0min
Epoch:[1/1](13660/635119), loss: 4.0455, logits_loss: 4.0455, aux_loss: 0.0000, lr: 0.00049949, epoch_time: 410.0min
Epoch:[1/1](13680/635119), loss: 3.8984, logits_loss: 3.8984, aux_loss: 0.0000, lr: 0.00049949, epoch_time: 410.0min
Epoch:[1/1](13700/635119), loss: 4.2755, logits_loss: 4.2755, aux_loss: 0.0000, lr: 0.00049948, epoch_time: 410.0min
Epoch:[1/1](13720/635119), loss: 4.6798, logits_loss: 4.6798, aux_loss: 0.0000, lr: 0.00049948, epoch_time: 410.0min
Epoch:[1/1](13740/635119), loss: 3.2057, logits_loss: 3.2057, aux_loss: 0.0000, lr: 0.00049948, epoch_time: 410.0min
Epoch:[1/1](13760/635119), loss: 4.5660, logits_loss: 4.5660, aux_loss: 0.0000, lr: 0.00049948, epoch_time: 410.0min
Epoch:[1/1](13780/635119), loss: 4.0417, logits_loss: 4.0417, aux_loss: 0.0000, lr: 0.00049948, epoch_time: 410.0min
Epoch:[1/1](13800/635119), loss: 3.6521, logits_loss: 3.6521, aux_loss: 0.0000, lr: 0.00049948, epoch_time: 410.0min
Epoch:[1/1](13820/635119), loss: 5.2666, logits_loss: 5.2666, aux_loss: 0.0000, lr: 0.00049947, epoch_time: 410.0min
Epoch:[1/1](13840/635119), loss: 4.5384, logits_loss: 4.5384, aux_loss: 0.0000, lr: 0.00049947, epoch_time: 410.0min
Epoch:[1/1](13860/635119), loss: 3.4906, logits_loss: 3.4906, aux_loss: 0.0000, lr: 0.00049947, epoch_time: 410.0min
Epoch:[1/1](13880/635119), loss: 3.5732, logits_loss: 3.5732, aux_loss: 0.0000, lr: 0.00049947, epoch_time: 410.0min
Epoch:[1/1](13900/635119), loss: 2.9447, logits_loss: 2.9447, aux_loss: 0.0000, lr: 0.00049947, epoch_time: 410.0min
Epoch:[1/1](13920/635119), loss: 5.2990, logits_loss: 5.2990, aux_loss: 0.0000, lr: 0.00049947, epoch_time: 409.0min
Epoch:[1/1](13940/635119), loss: 2.9204, logits_loss: 2.9204, aux_loss: 0.0000, lr: 0.00049947, epoch_time: 409.0min
Epoch:[1/1](13960/635119), loss: 5.1363, logits_loss: 5.1363, aux_loss: 0.0000, lr: 0.00049946, epoch_time: 409.0min
Epoch:[1/1](13980/635119), loss: 5.0514, logits_loss: 5.0514, aux_loss: 0.0000, lr: 0.00049946, epoch_time: 409.0min
Epoch:[1/1](14000/635119), loss: 6.1977, logits_loss: 6.1977, aux_loss: 0.0000, lr: 0.00049946, epoch_time: 409.0min
Epoch:[1/1](14020/635119), loss: 4.1360, logits_loss: 4.1360, aux_loss: 0.0000, lr: 0.00049946, epoch_time: 409.0min
Epoch:[1/1](14040/635119), loss: 3.8549, logits_loss: 3.8549, aux_loss: 0.0000, lr: 0.00049946, epoch_time: 409.0min
Epoch:[1/1](14060/635119), loss: 3.5340, logits_loss: 3.5340, aux_loss: 0.0000, lr: 0.00049946, epoch_time: 409.0min
Epoch:[1/1](14080/635119), loss: 3.5566, logits_loss: 3.5566, aux_loss: 0.0000, lr: 0.00049945, epoch_time: 409.0min
Epoch:[1/1](14100/635119), loss: 3.6127, logits_loss: 3.6127, aux_loss: 0.0000, lr: 0.00049945, epoch_time: 409.0min
Epoch:[1/1](14120/635119), loss: 3.5550, logits_loss: 3.5550, aux_loss: 0.0000, lr: 0.00049945, epoch_time: 409.0min
Epoch:[1/1](14140/635119), loss: 5.1952, logits_loss: 5.1952, aux_loss: 0.0000, lr: 0.00049945, epoch_time: 409.0min
Epoch:[1/1](14160/635119), loss: 3.6414, logits_loss: 3.6414, aux_loss: 0.0000, lr: 0.00049945, epoch_time: 409.0min
Epoch:[1/1](14180/635119), loss: 3.8161, logits_loss: 3.8161, aux_loss: 0.0000, lr: 0.00049945, epoch_time: 408.0min
Epoch:[1/1](14200/635119), loss: 4.4413, logits_loss: 4.4413, aux_loss: 0.0000, lr: 0.00049945, epoch_time: 408.0min
Epoch:[1/1](14220/635119), loss: 4.5357, logits_loss: 4.5357, aux_loss: 0.0000, lr: 0.00049944, epoch_time: 409.0min
Epoch:[1/1](14240/635119), loss: 4.4836, logits_loss: 4.4836, aux_loss: 0.0000, lr: 0.00049944, epoch_time: 409.0min
Epoch:[1/1](14260/635119), loss: 4.3569, logits_loss: 4.3569, aux_loss: 0.0000, lr: 0.00049944, epoch_time: 409.0min
Epoch:[1/1](14280/635119), loss: 4.3668, logits_loss: 4.3668, aux_loss: 0.0000, lr: 0.00049944, epoch_time: 409.0min
Epoch:[1/1](14300/635119), loss: 2.8416, logits_loss: 2.8416, aux_loss: 0.0000, lr: 0.00049944, epoch_time: 408.0min
Epoch:[1/1](14320/635119), loss: 4.1379, logits_loss: 4.1379, aux_loss: 0.0000, lr: 0.00049944, epoch_time: 408.0min
Epoch:[1/1](14340/635119), loss: 4.8883, logits_loss: 4.8883, aux_loss: 0.0000, lr: 0.00049943, epoch_time: 408.0min
Epoch:[1/1](14360/635119), loss: 4.5056, logits_loss: 4.5056, aux_loss: 0.0000, lr: 0.00049943, epoch_time: 408.0min
Epoch:[1/1](14380/635119), loss: 2.9803, logits_loss: 2.9803, aux_loss: 0.0000, lr: 0.00049943, epoch_time: 408.0min
Epoch:[1/1](14400/635119), loss: 4.7018, logits_loss: 4.7018, aux_loss: 0.0000, lr: 0.00049943, epoch_time: 408.0min
Epoch:[1/1](14420/635119), loss: 4.0859, logits_loss: 4.0859, aux_loss: 0.0000, lr: 0.00049943, epoch_time: 409.0min
Epoch:[1/1](14440/635119), loss: 5.0984, logits_loss: 5.0984, aux_loss: 0.0000, lr: 0.00049943, epoch_time: 409.0min
Epoch:[1/1](14460/635119), loss: 4.7547, logits_loss: 4.7547, aux_loss: 0.0000, lr: 0.00049942, epoch_time: 409.0min
Epoch:[1/1](14480/635119), loss: 4.3317, logits_loss: 4.3317, aux_loss: 0.0000, lr: 0.00049942, epoch_time: 408.0min
Epoch:[1/1](14500/635119), loss: 4.4978, logits_loss: 4.4978, aux_loss: 0.0000, lr: 0.00049942, epoch_time: 408.0min
Epoch:[1/1](14520/635119), loss: 3.6301, logits_loss: 3.6301, aux_loss: 0.0000, lr: 0.00049942, epoch_time: 408.0min
Epoch:[1/1](14540/635119), loss: 4.8005, logits_loss: 4.8005, aux_loss: 0.0000, lr: 0.00049942, epoch_time: 408.0min
Epoch:[1/1](14560/635119), loss: 3.3712, logits_loss: 3.3712, aux_loss: 0.0000, lr: 0.00049942, epoch_time: 408.0min
Epoch:[1/1](14580/635119), loss: 5.2172, logits_loss: 5.2172, aux_loss: 0.0000, lr: 0.00049942, epoch_time: 408.0min
Epoch:[1/1](14600/635119), loss: 4.3339, logits_loss: 4.3339, aux_loss: 0.0000, lr: 0.00049941, epoch_time: 409.0min
Epoch:[1/1](14620/635119), loss: 4.2150, logits_loss: 4.2150, aux_loss: 0.0000, lr: 0.00049941, epoch_time: 409.0min
Epoch:[1/1](14640/635119), loss: 3.6784, logits_loss: 3.6784, aux_loss: 0.0000, lr: 0.00049941, epoch_time: 409.0min
Epoch:[1/1](14660/635119), loss: 3.6868, logits_loss: 3.6868, aux_loss: 0.0000, lr: 0.00049941, epoch_time: 409.0min
Epoch:[1/1](14680/635119), loss: 5.1834, logits_loss: 5.1834, aux_loss: 0.0000, lr: 0.00049941, epoch_time: 409.0min
Epoch:[1/1](14700/635119), loss: 3.8610, logits_loss: 3.8610, aux_loss: 0.0000, lr: 0.00049941, epoch_time: 409.0min
Epoch:[1/1](14720/635119), loss: 4.5662, logits_loss: 4.5662, aux_loss: 0.0000, lr: 0.00049940, epoch_time: 409.0min
Epoch:[1/1](14740/635119), loss: 3.3272, logits_loss: 3.3272, aux_loss: 0.0000, lr: 0.00049940, epoch_time: 408.0min
Epoch:[1/1](14760/635119), loss: 3.9548, logits_loss: 3.9548, aux_loss: 0.0000, lr: 0.00049940, epoch_time: 408.0min
Epoch:[1/1](14780/635119), loss: 3.8934, logits_loss: 3.8934, aux_loss: 0.0000, lr: 0.00049940, epoch_time: 408.0min
Epoch:[1/1](14800/635119), loss: 3.5034, logits_loss: 3.5034, aux_loss: 0.0000, lr: 0.00049940, epoch_time: 408.0min
Epoch:[1/1](14820/635119), loss: 4.2885, logits_loss: 4.2885, aux_loss: 0.0000, lr: 0.00049940, epoch_time: 408.0min
Epoch:[1/1](14840/635119), loss: 5.3540, logits_loss: 5.3540, aux_loss: 0.0000, lr: 0.00049939, epoch_time: 408.0min
Epoch:[1/1](14860/635119), loss: 5.1085, logits_loss: 5.1085, aux_loss: 0.0000, lr: 0.00049939, epoch_time: 408.0min
Epoch:[1/1](14880/635119), loss: 3.0655, logits_loss: 3.0655, aux_loss: 0.0000, lr: 0.00049939, epoch_time: 408.0min
Epoch:[1/1](14900/635119), loss: 5.1426, logits_loss: 5.1426, aux_loss: 0.0000, lr: 0.00049939, epoch_time: 408.0min
Epoch:[1/1](14920/635119), loss: 4.2279, logits_loss: 4.2279, aux_loss: 0.0000, lr: 0.00049939, epoch_time: 408.0min
Epoch:[1/1](14940/635119), loss: 3.8095, logits_loss: 3.8095, aux_loss: 0.0000, lr: 0.00049939, epoch_time: 408.0min
Epoch:[1/1](14960/635119), loss: 3.9290, logits_loss: 3.9290, aux_loss: 0.0000, lr: 0.00049938, epoch_time: 408.0min
Epoch:[1/1](14980/635119), loss: 3.2472, logits_loss: 3.2472, aux_loss: 0.0000, lr: 0.00049938, epoch_time: 408.0min
Epoch:[1/1](15000/635119), loss: 4.7076, logits_loss: 4.7076, aux_loss: 0.0000, lr: 0.00049938, epoch_time: 408.0min
Epoch:[1/1](15020/635119), loss: 3.8626, logits_loss: 3.8626, aux_loss: 0.0000, lr: 0.00049938, epoch_time: 408.0min
Epoch:[1/1](15040/635119), loss: 3.8284, logits_loss: 3.8284, aux_loss: 0.0000, lr: 0.00049938, epoch_time: 408.0min
Epoch:[1/1](15060/635119), loss: 4.0721, logits_loss: 4.0721, aux_loss: 0.0000, lr: 0.00049938, epoch_time: 408.0min
Epoch:[1/1](15080/635119), loss: 3.5500, logits_loss: 3.5500, aux_loss: 0.0000, lr: 0.00049937, epoch_time: 408.0min
Epoch:[1/1](15100/635119), loss: 3.4424, logits_loss: 3.4424, aux_loss: 0.0000, lr: 0.00049937, epoch_time: 408.0min
Epoch:[1/1](15120/635119), loss: 4.0800, logits_loss: 4.0800, aux_loss: 0.0000, lr: 0.00049937, epoch_time: 408.0min
Epoch:[1/1](15140/635119), loss: 4.2773, logits_loss: 4.2773, aux_loss: 0.0000, lr: 0.00049937, epoch_time: 408.0min
Epoch:[1/1](15160/635119), loss: 4.3953, logits_loss: 4.3953, aux_loss: 0.0000, lr: 0.00049937, epoch_time: 408.0min
Epoch:[1/1](15180/635119), loss: 3.9789, logits_loss: 3.9789, aux_loss: 0.0000, lr: 0.00049937, epoch_time: 408.0min
Epoch:[1/1](15200/635119), loss: 4.2947, logits_loss: 4.2947, aux_loss: 0.0000, lr: 0.00049936, epoch_time: 408.0min
Epoch:[1/1](15220/635119), loss: 2.9147, logits_loss: 2.9147, aux_loss: 0.0000, lr: 0.00049936, epoch_time: 408.0min
Epoch:[1/1](15240/635119), loss: 4.6811, logits_loss: 4.6811, aux_loss: 0.0000, lr: 0.00049936, epoch_time: 408.0min
Epoch:[1/1](15260/635119), loss: 4.2886, logits_loss: 4.2886, aux_loss: 0.0000, lr: 0.00049936, epoch_time: 408.0min
Epoch:[1/1](15280/635119), loss: 4.0818, logits_loss: 4.0818, aux_loss: 0.0000, lr: 0.00049936, epoch_time: 408.0min
Epoch:[1/1](15300/635119), loss: 3.9729, logits_loss: 3.9729, aux_loss: 0.0000, lr: 0.00049936, epoch_time: 408.0min
Epoch:[1/1](15320/635119), loss: 3.5861, logits_loss: 3.5861, aux_loss: 0.0000, lr: 0.00049935, epoch_time: 407.0min
Epoch:[1/1](15340/635119), loss: 4.7692, logits_loss: 4.7692, aux_loss: 0.0000, lr: 0.00049935, epoch_time: 407.0min
Epoch:[1/1](15360/635119), loss: 3.7968, logits_loss: 3.7968, aux_loss: 0.0000, lr: 0.00049935, epoch_time: 407.0min
Epoch:[1/1](15380/635119), loss: 3.7206, logits_loss: 3.7206, aux_loss: 0.0000, lr: 0.00049935, epoch_time: 407.0min
Epoch:[1/1](15400/635119), loss: 3.6862, logits_loss: 3.6862, aux_loss: 0.0000, lr: 0.00049935, epoch_time: 407.0min
Epoch:[1/1](15420/635119), loss: 3.3211, logits_loss: 3.3211, aux_loss: 0.0000, lr: 0.00049935, epoch_time: 407.0min
Epoch:[1/1](15440/635119), loss: 4.7004, logits_loss: 4.7004, aux_loss: 0.0000, lr: 0.00049934, epoch_time: 407.0min
Epoch:[1/1](15460/635119), loss: 4.0344, logits_loss: 4.0344, aux_loss: 0.0000, lr: 0.00049934, epoch_time: 407.0min
Epoch:[1/1](15480/635119), loss: 2.9579, logits_loss: 2.9579, aux_loss: 0.0000, lr: 0.00049934, epoch_time: 407.0min
Epoch:[1/1](15500/635119), loss: 4.2512, logits_loss: 4.2512, aux_loss: 0.0000, lr: 0.00049934, epoch_time: 407.0min
Epoch:[1/1](15520/635119), loss: 3.8234, logits_loss: 3.8234, aux_loss: 0.0000, lr: 0.00049934, epoch_time: 407.0min
Epoch:[1/1](15540/635119), loss: 4.3927, logits_loss: 4.3927, aux_loss: 0.0000, lr: 0.00049934, epoch_time: 407.0min
Epoch:[1/1](15560/635119), loss: 3.6283, logits_loss: 3.6283, aux_loss: 0.0000, lr: 0.00049933, epoch_time: 406.0min
Epoch:[1/1](15580/635119), loss: 4.7215, logits_loss: 4.7215, aux_loss: 0.0000, lr: 0.00049933, epoch_time: 406.0min
Epoch:[1/1](15600/635119), loss: 4.3595, logits_loss: 4.3595, aux_loss: 0.0000, lr: 0.00049933, epoch_time: 406.0min
Epoch:[1/1](15620/635119), loss: 4.1971, logits_loss: 4.1971, aux_loss: 0.0000, lr: 0.00049933, epoch_time: 407.0min
Epoch:[1/1](15640/635119), loss: 3.1950, logits_loss: 3.1950, aux_loss: 0.0000, lr: 0.00049933, epoch_time: 407.0min
Epoch:[1/1](15660/635119), loss: 3.4967, logits_loss: 3.4967, aux_loss: 0.0000, lr: 0.00049933, epoch_time: 407.0min
Epoch:[1/1](15680/635119), loss: 3.4704, logits_loss: 3.4704, aux_loss: 0.0000, lr: 0.00049932, epoch_time: 407.0min
Epoch:[1/1](15700/635119), loss: 4.6856, logits_loss: 4.6856, aux_loss: 0.0000, lr: 0.00049932, epoch_time: 407.0min
Epoch:[1/1](15720/635119), loss: 4.6785, logits_loss: 4.6785, aux_loss: 0.0000, lr: 0.00049932, epoch_time: 407.0min
Epoch:[1/1](15740/635119), loss: 3.6789, logits_loss: 3.6789, aux_loss: 0.0000, lr: 0.00049932, epoch_time: 406.0min
Epoch:[1/1](15760/635119), loss: 3.6221, logits_loss: 3.6221, aux_loss: 0.0000, lr: 0.00049932, epoch_time: 406.0min
Epoch:[1/1](15780/635119), loss: 4.7294, logits_loss: 4.7294, aux_loss: 0.0000, lr: 0.00049931, epoch_time: 406.0min
Epoch:[1/1](15800/635119), loss: 5.0891, logits_loss: 5.0891, aux_loss: 0.0000, lr: 0.00049931, epoch_time: 406.0min
Epoch:[1/1](15820/635119), loss: 4.1670, logits_loss: 4.1670, aux_loss: 0.0000, lr: 0.00049931, epoch_time: 407.0min
Epoch:[1/1](15840/635119), loss: 3.4543, logits_loss: 3.4543, aux_loss: 0.0000, lr: 0.00049931, epoch_time: 407.0min
Epoch:[1/1](15860/635119), loss: 4.2914, logits_loss: 4.2914, aux_loss: 0.0000, lr: 0.00049931, epoch_time: 407.0min
Epoch:[1/1](15880/635119), loss: 3.5056, logits_loss: 3.5056, aux_loss: 0.0000, lr: 0.00049931, epoch_time: 407.0min
Epoch:[1/1](15900/635119), loss: 3.1152, logits_loss: 3.1152, aux_loss: 0.0000, lr: 0.00049930, epoch_time: 407.0min
Epoch:[1/1](15920/635119), loss: 4.3086, logits_loss: 4.3086, aux_loss: 0.0000, lr: 0.00049930, epoch_time: 407.0min
Epoch:[1/1](15940/635119), loss: 4.0277, logits_loss: 4.0277, aux_loss: 0.0000, lr: 0.00049930, epoch_time: 406.0min
Epoch:[1/1](15960/635119), loss: 3.4786, logits_loss: 3.4786, aux_loss: 0.0000, lr: 0.00049930, epoch_time: 406.0min
Epoch:[1/1](15980/635119), loss: 4.4200, logits_loss: 4.4200, aux_loss: 0.0000, lr: 0.00049930, epoch_time: 406.0min
Epoch:[1/1](16000/635119), loss: 3.5039, logits_loss: 3.5039, aux_loss: 0.0000, lr: 0.00049930, epoch_time: 406.0min
Epoch:[1/1](16020/635119), loss: 4.0187, logits_loss: 4.0187, aux_loss: 0.0000, lr: 0.00049929, epoch_time: 408.0min
Epoch:[1/1](16040/635119), loss: 3.5004, logits_loss: 3.5004, aux_loss: 0.0000, lr: 0.00049929, epoch_time: 408.0min
Epoch:[1/1](16060/635119), loss: 3.6935, logits_loss: 3.6935, aux_loss: 0.0000, lr: 0.00049929, epoch_time: 407.0min
Epoch:[1/1](16080/635119), loss: 4.0127, logits_loss: 4.0127, aux_loss: 0.0000, lr: 0.00049929, epoch_time: 407.0min
Epoch:[1/1](16100/635119), loss: 3.6215, logits_loss: 3.6215, aux_loss: 0.0000, lr: 0.00049929, epoch_time: 407.0min
Epoch:[1/1](16120/635119), loss: 3.7398, logits_loss: 3.7398, aux_loss: 0.0000, lr: 0.00049929, epoch_time: 407.0min
Epoch:[1/1](16140/635119), loss: 4.9220, logits_loss: 4.9220, aux_loss: 0.0000, lr: 0.00049928, epoch_time: 407.0min
Epoch:[1/1](16160/635119), loss: 3.5059, logits_loss: 3.5059, aux_loss: 0.0000, lr: 0.00049928, epoch_time: 408.0min
Epoch:[1/1](16180/635119), loss: 4.5822, logits_loss: 4.5822, aux_loss: 0.0000, lr: 0.00049928, epoch_time: 408.0min
Epoch:[1/1](16200/635119), loss: 4.7311, logits_loss: 4.7311, aux_loss: 0.0000, lr: 0.00049928, epoch_time: 408.0min
Epoch:[1/1](16220/635119), loss: 2.8511, logits_loss: 2.8511, aux_loss: 0.0000, lr: 0.00049928, epoch_time: 409.0min
Epoch:[1/1](16240/635119), loss: 3.3388, logits_loss: 3.3388, aux_loss: 0.0000, lr: 0.00049927, epoch_time: 409.0min
Epoch:[1/1](16260/635119), loss: 4.5436, logits_loss: 4.5436, aux_loss: 0.0000, lr: 0.00049927, epoch_time: 409.0min
Epoch:[1/1](16280/635119), loss: 3.4100, logits_loss: 3.4100, aux_loss: 0.0000, lr: 0.00049927, epoch_time: 409.0min
Epoch:[1/1](16300/635119), loss: 3.9148, logits_loss: 3.9148, aux_loss: 0.0000, lr: 0.00049927, epoch_time: 410.0min
Epoch:[1/1](16320/635119), loss: 2.5782, logits_loss: 2.5782, aux_loss: 0.0000, lr: 0.00049927, epoch_time: 410.0min
Epoch:[1/1](16340/635119), loss: 2.8977, logits_loss: 2.8977, aux_loss: 0.0000, lr: 0.00049927, epoch_time: 410.0min
Epoch:[1/1](16360/635119), loss: 3.5641, logits_loss: 3.5641, aux_loss: 0.0000, lr: 0.00049926, epoch_time: 410.0min
Epoch:[1/1](16380/635119), loss: 3.4728, logits_loss: 3.4728, aux_loss: 0.0000, lr: 0.00049926, epoch_time: 410.0min
Epoch:[1/1](16400/635119), loss: 4.5516, logits_loss: 4.5516, aux_loss: 0.0000, lr: 0.00049926, epoch_time: 410.0min
Epoch:[1/1](16420/635119), loss: 4.2001, logits_loss: 4.2001, aux_loss: 0.0000, lr: 0.00049926, epoch_time: 411.0min
Epoch:[1/1](16440/635119), loss: 3.7822, logits_loss: 3.7822, aux_loss: 0.0000, lr: 0.00049926, epoch_time: 411.0min
Epoch:[1/1](16460/635119), loss: 3.5538, logits_loss: 3.5538, aux_loss: 0.0000, lr: 0.00049925, epoch_time: 411.0min
Epoch:[1/1](16480/635119), loss: 4.7461, logits_loss: 4.7461, aux_loss: 0.0000, lr: 0.00049925, epoch_time: 411.0min
Epoch:[1/1](16500/635119), loss: 4.1571, logits_loss: 4.1571, aux_loss: 0.0000, lr: 0.00049925, epoch_time: 411.0min
Epoch:[1/1](16520/635119), loss: 4.1425, logits_loss: 4.1425, aux_loss: 0.0000, lr: 0.00049925, epoch_time: 411.0min
Epoch:[1/1](16540/635119), loss: 3.9169, logits_loss: 3.9169, aux_loss: 0.0000, lr: 0.00049925, epoch_time: 411.0min
Epoch:[1/1](16560/635119), loss: 4.3381, logits_loss: 4.3381, aux_loss: 0.0000, lr: 0.00049925, epoch_time: 411.0min
Epoch:[1/1](16580/635119), loss: 3.4873, logits_loss: 3.4873, aux_loss: 0.0000, lr: 0.00049924, epoch_time: 411.0min
Epoch:[1/1](16600/635119), loss: 3.8620, logits_loss: 3.8620, aux_loss: 0.0000, lr: 0.00049924, epoch_time: 411.0min
swanlab: Error happened while training
swanlab: 🏠 View project at https://swanlab.cn/@harrypotter9527/MiniMind-Pretrain
swanlab: 🚀 View run at https://swanlab.cn/@harrypotter9527/MiniMind-Pretrain/runs/hoxqx88gvxpd1ea7ggbg6
  File "/home/harry/projects/MiniMind/trainer/train_pretrain.py", line 167, in <module>
    train_epoch(epoch, loader, len(loader), 0, wandb)
  File "/home/harry/projects/MiniMind/trainer/train_pretrain.py", line 69, in train_epoch
    lm_checkpoint(lm_config, weight=args.save_weight, model=model, optimizer=optimizer, scaler=scaler, epoch=epoch, step=step, wandb=wandb, save_dir='../checkpoints')
  File "/home/harry/projects/MiniMind/trainer/trainer_utils.py", line 104, in lm_checkpoint
    os.replace(resume_tmp, resume_path)
[Errno 2] No such file or directory: '../checkpoints/pretrain_768_resume.pth.tmp' -> '../checkpoints/pretrain_768_resume.pth'
